Using pre-set license
Built from '2020.3/staging' branch; Version is '2020.3.4f1 (0abb6314276a) revision 703331'; Using compiler version '192528614'; Build Type 'Release'
OS: 'Windows 10 Home; OS build 19042.985; Version 2009; 64bit' Language: 'en' Physical Memory: 8110 MB
BatchMode: 1, IsHumanControllingUs: 0, StartBugReporterOnCrash: 0, Is64bit: 1, IsPro: 0

 COMMAND LINE ARGUMENTS:
C:\Program Files\Unity\Hub\Editor\2020.3.4f1\Editor\Unity.exe
-adb2
-batchMode
-noUpm
-name
AssetImportWorker3
-projectPath
C:/New_SoftwareDepot/SoftwareGame/GAM_392_TeamD
-logFile
Logs/AssetImportWorker3.log
-srvPort
54483
Successfully changed project path to: C:/New_SoftwareDepot/SoftwareGame/GAM_392_TeamD
C:/New_SoftwareDepot/SoftwareGame/GAM_392_TeamD
Using Asset Import Pipeline V2.
Refreshing native plugins compatible for Editor in 51.60 ms, found 1 plugins.
Preloading 0 native plugins for Editor in 0.00 ms.
Initialize engine version: 2020.3.4f1 (0abb6314276a)
[Subsystems] Discovering subsystems at path C:/Program Files/Unity/Hub/Editor/2020.3.4f1/Editor/Data/Resources/UnitySubsystems
[Subsystems] Discovering subsystems at path C:/New_SoftwareDepot/SoftwareGame/GAM_392_TeamD/Assets
GfxDevice: creating device client; threaded=0
Direct3D:
    Version:  Direct3D 11.0 [level 11.1]
    Renderer: NVIDIA GeForce GTX 1060 3GB (ID=0x1c02)
    Vendor:   
    VRAM:     2988 MB
    Driver:   27.21.14.5671
Initialize mono
Mono path[0] = 'C:/Program Files/Unity/Hub/Editor/2020.3.4f1/Editor/Data/Managed'
Mono path[1] = 'C:/Program Files/Unity/Hub/Editor/2020.3.4f1/Editor/Data/MonoBleedingEdge/lib/mono/unityjit'
Mono config path = 'C:/Program Files/Unity/Hub/Editor/2020.3.4f1/Editor/Data/MonoBleedingEdge/etc'
Using monoOptions --debugger-agent=transport=dt_socket,embedding=1,server=y,suspend=n,address=127.0.0.1:56536
Begin MonoManager ReloadAssembly
Registering precompiled unity dll's ...
Register platform support module: C:/Program Files/Unity/Hub/Editor/2020.3.4f1/Editor/Data/PlaybackEngines/WebGLSupport/UnityEditor.WebGL.Extensions.dll
Register platform support module: C:/Program Files/Unity/Hub/Editor/2020.3.4f1/Editor/Data/PlaybackEngines/WindowsStandaloneSupport/UnityEditor.WindowsStandalone.Extensions.dll
Registered in 0.002378 seconds.
Native extension for WindowsStandalone target not found
Native extension for WebGL target not found
Refreshing native plugins compatible for Editor in 46.08 ms, found 1 plugins.
Preloading 0 native plugins for Editor in 0.00 ms.
Mono: successfully reloaded assembly
- Completed reload, in  1.171 seconds
Platform modules already initialized, skipping
Registering precompiled user dll's ...
Registered in 0.002519 seconds.
Begin MonoManager ReloadAssembly
Native extension for WindowsStandalone target not found
Native extension for WebGL target not found
Refreshing native plugins compatible for Editor in 47.93 ms, found 1 plugins.
Preloading 0 native plugins for Editor in 0.00 ms.
Mono: successfully reloaded assembly
- Completed reload, in  0.910 seconds
Platform modules already initialized, skipping
========================================================================
Worker process is ready to serve import requests
Launched and connected shader compiler UnityShaderCompiler.exe after 0.22 seconds
Refreshing native plugins compatible for Editor in 0.49 ms, found 1 plugins.
Preloading 0 native plugins for Editor in 0.00 ms.
Unloading 2053 Unused Serialized files (Serialized files now loaded: 0)
System memory in use before: 91.3 MB.
System memory in use after: 91.4 MB.

Unloading 39 unused Assets to reduce memory usage. Loaded Objects now: 2484.
Total: 2.056800 ms (FindLiveObjects: 0.220900 ms CreateObjectMapping: 0.082900 ms MarkObjects: 1.687800 ms  DeleteObjects: 0.064300 ms)

========================================================================
Received Import Request.
  path: Assets/Art/Adverts/Stop.png
  artifactKey: Guid(f195115dc6e8c3a4a83daeabdf90fad0) Importer(815301076,1909f56bfc062723c751e8b465ee728b)
Start importing Assets/Art/Adverts/Stop.png using Guid(f195115dc6e8c3a4a83daeabdf90fad0) Importer(815301076,1909f56bfc062723c751e8b465ee728b)  -> (artifact id: '7a3d18722455abc3fe01cdeb6dc4a756') in 0.454457 seconds
  Import took 0.457645 seconds .

========================================================================
Received Import Request.
  Time since last request: 0.000597 seconds.
  path: Assets/Art/Adverts/Shoot_Updated.png
  artifactKey: Guid(e0f8b93f79746b545a9a1f5d81f96bbc) Importer(815301076,1909f56bfc062723c751e8b465ee728b)
Start importing Assets/Art/Adverts/Shoot_Updated.png using Guid(e0f8b93f79746b545a9a1f5d81f96bbc) Importer(815301076,1909f56bfc062723c751e8b465ee728b)  -> (artifact id: 'e2b4f103c74e687851b636b347919511') in 0.044255 seconds
  Import took 0.047341 seconds .

========================================================================
Received Import Request.
  Time since last request: 0.000275 seconds.
  path: Assets/Prefabs/TaskManager.prefab
  artifactKey: Guid(7330773b38c19cd4d9be9660f84bc18f) Importer(815301076,1909f56bfc062723c751e8b465ee728b)
Start importing Assets/Prefabs/TaskManager.prefab using Guid(7330773b38c19cd4d9be9660f84bc18f) Importer(815301076,1909f56bfc062723c751e8b465ee728b)  -> (artifact id: '52fed02ec6a6d5b5dff2e80a6dc064d9') in 0.014055 seconds
  Import took 0.017764 seconds .

========================================================================
Received Import Request.
  Time since last request: 0.000218 seconds.
  path: Assets/Art/Adverts/Crypto.png
  artifactKey: Guid(52da3953f4778c247986d2544961567c) Importer(815301076,1909f56bfc062723c751e8b465ee728b)
Start importing Assets/Art/Adverts/Crypto.png using Guid(52da3953f4778c247986d2544961567c) Importer(815301076,1909f56bfc062723c751e8b465ee728b)  -> (artifact id: 'c6d3cdcaef2e17fe1caf6a400b1b4d48') in 0.018737 seconds
  Import took 0.022182 seconds .

========================================================================
Received Import Request.
  Time since last request: 0.000240 seconds.
  path: Assets/Prefabs/Text_CPU.prefab
  artifactKey: Guid(fe45e78065563254b88a8f6cab6696e0) Importer(815301076,1909f56bfc062723c751e8b465ee728b)
Start importing Assets/Prefabs/Text_CPU.prefab using Guid(fe45e78065563254b88a8f6cab6696e0) Importer(815301076,1909f56bfc062723c751e8b465ee728b)  -> (artifact id: '78f5bf0eb36142138bffc74247b44946') in 0.034720 seconds
  Import took 0.038372 seconds .

========================================================================
Received Import Request.
  Time since last request: 0.000215 seconds.
  path: Assets/Prefabs/Installer.prefab
  artifactKey: Guid(59937f18f7e3a4f49b2db681a2ced4f9) Importer(815301076,1909f56bfc062723c751e8b465ee728b)
Start importing Assets/Prefabs/Installer.prefab using Guid(59937f18f7e3a4f49b2db681a2ced4f9) Importer(815301076,1909f56bfc062723c751e8b465ee728b)  -> (artifact id: 'e09eaca9ba9caddc28ce2a319f8554bf') in 0.008766 seconds
  Import took 0.011847 seconds .

========================================================================
Received Import Request.
  Time since last request: 0.000222 seconds.
  path: Assets/Prefabs/AD.prefab
  artifactKey: Guid(7b0329a9156773e488d29512f1900c27) Importer(815301076,1909f56bfc062723c751e8b465ee728b)
Start importing Assets/Prefabs/AD.prefab using Guid(7b0329a9156773e488d29512f1900c27) Importer(815301076,1909f56bfc062723c751e8b465ee728b)  -> (artifact id: '66cd576c21175b3bf629d8a859224f85') in 0.176346 seconds
  Import took 0.179730 seconds .

========================================================================
Received Import Request.
  Time since last request: 0.000268 seconds.
  path: Assets/Prefabs/Text_Memory.prefab
  artifactKey: Guid(b737637bd3186cb4baa05aa5f3eaca62) Importer(815301076,1909f56bfc062723c751e8b465ee728b)
Start importing Assets/Prefabs/Text_Memory.prefab using Guid(b737637bd3186cb4baa05aa5f3eaca62) Importer(815301076,1909f56bfc062723c751e8b465ee728b)  -> (artifact id: '65d2ffadfab7afaf93a69405027cfabb') in 0.027460 seconds
  Import took 0.030427 seconds .

========================================================================
Received Import Request.
  Time since last request: 0.000319 seconds.
  path: Assets/Art/Adverts/50% off.png
  artifactKey: Guid(1eec62d08c65bf048a20385f1d14899b) Importer(815301076,1909f56bfc062723c751e8b465ee728b)
Start importing Assets/Art/Adverts/50% off.png using Guid(1eec62d08c65bf048a20385f1d14899b) Importer(815301076,1909f56bfc062723c751e8b465ee728b)  -> (artifact id: 'bdc39129b5676813208c30abc08075c1') in 0.017081 seconds
  Import took 0.021172 seconds .

========================================================================
Received Import Request.
  Time since last request: 0.000289 seconds.
  path: Assets/Art/Adverts/Congratulations.png
  artifactKey: Guid(4ee748c277c62ce4eb110af713d7cf66) Importer(815301076,1909f56bfc062723c751e8b465ee728b)
Start importing Assets/Art/Adverts/Congratulations.png using Guid(4ee748c277c62ce4eb110af713d7cf66) Importer(815301076,1909f56bfc062723c751e8b465ee728b)  -> (artifact id: 'a37866a4d54936b4292db4fdda1f94ef') in 0.016024 seconds
  Import took 0.019286 seconds .

========================================================================
Received Import Request.
  Time since last request: 0.000270 seconds.
  path: Assets/Art/Adverts
  artifactKey: Guid(2f282b4699e90e049be5cba7d7141fc4) Importer(815301076,1909f56bfc062723c751e8b465ee728b)
Start importing Assets/Art/Adverts using Guid(2f282b4699e90e049be5cba7d7141fc4) Importer(815301076,1909f56bfc062723c751e8b465ee728b)  -> (artifact id: 'b56c2ff3b6d7112e1c3f12910156afe0') in 0.006989 seconds
  Import took 0.010186 seconds .

========================================================================
Received Import Request.
  Time since last request: 0.000225 seconds.
  path: Assets/Art/Adverts/RetroCarGame_Updated.png
  artifactKey: Guid(193e5cbc12808b24c986780e4453f1d8) Importer(815301076,1909f56bfc062723c751e8b465ee728b)
Start importing Assets/Art/Adverts/RetroCarGame_Updated.png using Guid(193e5cbc12808b24c986780e4453f1d8) Importer(815301076,1909f56bfc062723c751e8b465ee728b)  -> (artifact id: '309886f9f5ba74d5180bb72a7ddafddd') in 0.015878 seconds
  Import took 0.019044 seconds .

========================================================================
Received Import Request.
  Time since last request: 0.000161 seconds.
  path: Assets/Prefabs/Text_taskMaager.prefab
  artifactKey: Guid(b327c2990b1f1994585ffd64a2200718) Importer(815301076,1909f56bfc062723c751e8b465ee728b)
Start importing Assets/Prefabs/Text_taskMaager.prefab using Guid(b327c2990b1f1994585ffd64a2200718) Importer(815301076,1909f56bfc062723c751e8b465ee728b)  -> (artifact id: '6dca918dbde57fef1125c5f85e55b5fb') in 0.007913 seconds
  Import took 0.011208 seconds .

========================================================================
Received Import Request.
  Time since last request: 0.000206 seconds.
  path: Assets/Art/Adverts/Hot_Singles.png
  artifactKey: Guid(5b8a148a7e2355b4cb2a8756a3790344) Importer(815301076,1909f56bfc062723c751e8b465ee728b)
Start importing Assets/Art/Adverts/Hot_Singles.png using Guid(5b8a148a7e2355b4cb2a8756a3790344) Importer(815301076,1909f56bfc062723c751e8b465ee728b)  -> (artifact id: '774daad7a77f7330d5a17ebd1b476d15') in 0.054753 seconds
  Import took 0.057929 seconds .

========================================================================
Received Import Request.
  Time since last request: 0.000260 seconds.
  path: Assets/Art/Adverts/Close_Window.png
  artifactKey: Guid(0f2d8fe2802ab6049b5b021d4e3805ad) Importer(815301076,1909f56bfc062723c751e8b465ee728b)
Start importing Assets/Art/Adverts/Close_Window.png using Guid(0f2d8fe2802ab6049b5b021d4e3805ad) Importer(815301076,1909f56bfc062723c751e8b465ee728b)  -> (artifact id: '7efac66aaa195b70552f172e92ff107f') in 0.012471 seconds
  Import took 0.015295 seconds .

========================================================================
Received Import Request.
  Time since last request: 0.000243 seconds.
  path: Assets/Art/Adverts/CarAd_Updated.png
  artifactKey: Guid(d2f314d465ddeb946b73ea08fe99531c) Importer(815301076,1909f56bfc062723c751e8b465ee728b)
Start importing Assets/Art/Adverts/CarAd_Updated.png using Guid(d2f314d465ddeb946b73ea08fe99531c) Importer(815301076,1909f56bfc062723c751e8b465ee728b)  -> (artifact id: '11e3b3c4aff9cb0f0535d1830d6da8f9') in 0.064459 seconds
  Import took 0.067261 seconds .

========================================================================
Received Import Request.
  Time since last request: 0.000240 seconds.
  path: Assets/Art/Adverts/ClashofDragons_Updated.png
  artifactKey: Guid(4b684d61921b70848907e957c3d40a2f) Importer(815301076,1909f56bfc062723c751e8b465ee728b)
Start importing Assets/Art/Adverts/ClashofDragons_Updated.png using Guid(4b684d61921b70848907e957c3d40a2f) Importer(815301076,1909f56bfc062723c751e8b465ee728b)  -> (artifact id: '9dee67d9624bef13b8b85bfc2e4075fb') in 0.057239 seconds
  Import took 0.060553 seconds .

========================================================================
Received Import Request.
  Time since last request: 0.000297 seconds.
  path: Assets/Art/Adverts/Hot_Singles_Updated.png
  artifactKey: Guid(56349f58885fb9f4f897dc98b7ae7686) Importer(815301076,1909f56bfc062723c751e8b465ee728b)
Start importing Assets/Art/Adverts/Hot_Singles_Updated.png using Guid(56349f58885fb9f4f897dc98b7ae7686) Importer(815301076,1909f56bfc062723c751e8b465ee728b)  -> (artifact id: '5dc660368f920de1f6fca0021e312e90') in 0.012964 seconds
  Import took 0.016291 seconds .

========================================================================
Received Prepare
Registering precompiled user dll's ...
Registered in 0.002324 seconds.
Begin MonoManager ReloadAssembly
Native extension for WindowsStandalone target not found
Native extension for WebGL target not found
Refreshing native plugins compatible for Editor in 0.55 ms, found 1 plugins.
Preloading 0 native plugins for Editor in 0.00 ms.
Mono: successfully reloaded assembly
- Completed reload, in  0.818 seconds
Platform modules already initialized, skipping
Refreshing native plugins compatible for Editor in 0.60 ms, found 1 plugins.
Preloading 0 native plugins for Editor in 0.00 ms.
Unloading 2043 Unused Serialized files (Serialized files now loaded: 0)
System memory in use before: 93.8 MB.
System memory in use after: 93.9 MB.

Unloading 28 unused Assets to reduce memory usage. Loaded Objects now: 2513.
Total: 2.380500 ms (FindLiveObjects: 0.289900 ms CreateObjectMapping: 0.120000 ms MarkObjects: 1.939300 ms  DeleteObjects: 0.030000 ms)

========================================================================
Received Import Request.
  Time since last request: 4133.532275 seconds.
  path: Assets/Art/Adverts/adobis.png
  artifactKey: Guid(98aa29eb257dd1e418f4c3c36b60cfc6) Importer(815301076,1909f56bfc062723c751e8b465ee728b)
Start importing Assets/Art/Adverts/adobis.png using Guid(98aa29eb257dd1e418f4c3c36b60cfc6) Importer(815301076,1909f56bfc062723c751e8b465ee728b)  -> (artifact id: '3d95c6a5a4c96d38ca2becb4fd155e18') in 0.221805 seconds
  Import took 0.237423 seconds .

========================================================================
Received Import Request.
  Time since last request: 17.693967 seconds.
  path: Assets/Art/Adverts/adobis.png
  artifactKey: Guid(98aa29eb257dd1e418f4c3c36b60cfc6) Importer(815301076,1909f56bfc062723c751e8b465ee728b)
Start importing Assets/Art/Adverts/adobis.png using Guid(98aa29eb257dd1e418f4c3c36b60cfc6) Importer(815301076,1909f56bfc062723c751e8b465ee728b)  -> (artifact id: 'b780088c80fa285ef36a1c5bc429530f') in 0.019694 seconds
  Import took 0.049019 seconds .

========================================================================
Received Import Request.
  Time since last request: 111.375410 seconds.
  path: Assets/Art/Chrome/CarChrome.png
  artifactKey: Guid(5dc266209d6b86a46a9a62c59666d722) Importer(815301076,1909f56bfc062723c751e8b465ee728b)
Start importing Assets/Art/Chrome/CarChrome.png using Guid(5dc266209d6b86a46a9a62c59666d722) Importer(815301076,1909f56bfc062723c751e8b465ee728b)  -> (artifact id: 'ad25b1f3b08a686939efd3bfc590b66c') in 0.137898 seconds
  Import took 0.141706 seconds .

========================================================================
Received Import Request.
  Time since last request: 0.000292 seconds.
  path: Assets/Art/Chrome/VirusChrome.png
  artifactKey: Guid(687ceb41bc258cd449b5b0b0d657831d) Importer(815301076,1909f56bfc062723c751e8b465ee728b)
Start importing Assets/Art/Chrome/VirusChrome.png using Guid(687ceb41bc258cd449b5b0b0d657831d) Importer(815301076,1909f56bfc062723c751e8b465ee728b)  -> (artifact id: 'f587e54816dec8b85be05322784ff826') in 0.061051 seconds
  Import took 0.064385 seconds .

========================================================================
Received Import Request.
  Time since last request: 0.000274 seconds.
  path: Assets/Art/Chrome/PlayThisGameChrome.png
  artifactKey: Guid(f936a37df8b6c8e49b8bda6df599090e) Importer(815301076,1909f56bfc062723c751e8b465ee728b)
Start importing Assets/Art/Chrome/PlayThisGameChrome.png using Guid(f936a37df8b6c8e49b8bda6df599090e) Importer(815301076,1909f56bfc062723c751e8b465ee728b)  -> (artifact id: '592e78eceb56ee25e796bde23c945b16') in 0.061616 seconds
  Import took 0.065362 seconds .

========================================================================
Received Import Request.
  Time since last request: 0.000263 seconds.
  path: Assets/Art/Chrome/CarChrome.png
  artifactKey: Guid(5dc266209d6b86a46a9a62c59666d722) Importer(815301076,1909f56bfc062723c751e8b465ee728b)
Start importing Assets/Art/Chrome/CarChrome.png using Guid(5dc266209d6b86a46a9a62c59666d722) Importer(815301076,1909f56bfc062723c751e8b465ee728b)  -> (artifact id: 'ad25b1f3b08a686939efd3bfc590b66c') in 0.014878 seconds
  Import took 0.017962 seconds .

========================================================================
Received Import Request.
  Time since last request: 0.000286 seconds.
  path: Assets/Art/Chrome/SinglesChrome.png
  artifactKey: Guid(4bd699f12df6c0b4e8ab261ab738e94b) Importer(815301076,1909f56bfc062723c751e8b465ee728b)
Start importing Assets/Art/Chrome/SinglesChrome.png using Guid(4bd699f12df6c0b4e8ab261ab738e94b) Importer(815301076,1909f56bfc062723c751e8b465ee728b)  -> (artifact id: '074ba04032f635067e0463a7e64abd41') in 0.085807 seconds
  Import took 0.088736 seconds .

========================================================================
Received Import Request.
  Time since last request: 0.000302 seconds.
  path: Assets/Art/Chrome/chrome.png
  artifactKey: Guid(8be3a1985a4f96340beb9ccc50b395a3) Importer(815301076,1909f56bfc062723c751e8b465ee728b)
Start importing Assets/Art/Chrome/chrome.png using Guid(8be3a1985a4f96340beb9ccc50b395a3) Importer(815301076,1909f56bfc062723c751e8b465ee728b)  -> (artifact id: '0ee2b49d1fde58047c5dbfae9022982d') in 0.068730 seconds
  Import took 0.072057 seconds .

========================================================================
Received Import Request.
  Time since last request: 0.001950 seconds.
  path: Assets/Art/Chrome/chrome.png
  artifactKey: Guid(8be3a1985a4f96340beb9ccc50b395a3) Importer(815301076,1909f56bfc062723c751e8b465ee728b)
Start importing Assets/Art/Chrome/chrome.png using Guid(8be3a1985a4f96340beb9ccc50b395a3) Importer(815301076,1909f56bfc062723c751e8b465ee728b)  -> (artifact id: '0ee2b49d1fde58047c5dbfae9022982d') in 0.033585 seconds
  Import took 0.037212 seconds .

========================================================================
Received Import Request.
  Time since last request: 0.748067 seconds.
  path: Assets/Art/Manager/Tabs/manger_background.png
  artifactKey: Guid(76dc846b79ae110419da1444df2c8435) Importer(815301076,1909f56bfc062723c751e8b465ee728b)
Start importing Assets/Art/Manager/Tabs/manger_background.png using Guid(76dc846b79ae110419da1444df2c8435) Importer(815301076,1909f56bfc062723c751e8b465ee728b)  -> (artifact id: 'a63b7d9b6ebb6202a6a061ed41489108') in 0.062029 seconds
  Import took 0.094575 seconds .

========================================================================
Received Import Request.
  Time since last request: 0.000231 seconds.
  path: Assets/Art/Background/Menu.png
  artifactKey: Guid(b3e11d3c5c16b2c40a18a679d6bd1b35) Importer(815301076,1909f56bfc062723c751e8b465ee728b)
Start importing Assets/Art/Background/Menu.png using Guid(b3e11d3c5c16b2c40a18a679d6bd1b35) Importer(815301076,1909f56bfc062723c751e8b465ee728b)  -> (artifact id: '7f476b5ccdfb85d0c25be14793f564a2') in 0.075436 seconds
  Import took 0.100098 seconds .

========================================================================
Received Import Request.
  Time since last request: 0.000273 seconds.
  path: Assets/Art/Utility/Button/power.png
  artifactKey: Guid(c8d5c6b724f48674687aba47c58df3f5) Importer(815301076,1909f56bfc062723c751e8b465ee728b)
Start importing Assets/Art/Utility/Button/power.png using Guid(c8d5c6b724f48674687aba47c58df3f5) Importer(815301076,1909f56bfc062723c751e8b465ee728b)  -> (artifact id: 'e014e537542f76925c7df3a19709a8b9') in 0.047125 seconds
  Import took 0.070271 seconds .

========================================================================
Received Import Request.
  Time since last request: 0.000289 seconds.
  path: Assets/Art/Background/Menu.png
  artifactKey: Guid(b3e11d3c5c16b2c40a18a679d6bd1b35) Importer(815301076,1909f56bfc062723c751e8b465ee728b)
Start importing Assets/Art/Background/Menu.png using Guid(b3e11d3c5c16b2c40a18a679d6bd1b35) Importer(815301076,1909f56bfc062723c751e8b465ee728b)  -> (artifact id: '7f476b5ccdfb85d0c25be14793f564a2') in 0.007370 seconds
  Import took 0.010666 seconds .

========================================================================
Received Import Request.
  Time since last request: 0.000243 seconds.
  path: Assets/Art/Utility/Button/power.png
  artifactKey: Guid(c8d5c6b724f48674687aba47c58df3f5) Importer(815301076,1909f56bfc062723c751e8b465ee728b)
Start importing Assets/Art/Utility/Button/power.png using Guid(c8d5c6b724f48674687aba47c58df3f5) Importer(815301076,1909f56bfc062723c751e8b465ee728b)  -> (artifact id: 'e014e537542f76925c7df3a19709a8b9') in 0.006037 seconds
  Import took 0.009145 seconds .

========================================================================
Received Import Request.
  Time since last request: 0.000193 seconds.
  path: Assets/Art/Background/profilePic.png
  artifactKey: Guid(d0767c7aba2a8bd43a087753b7b9576e) Importer(815301076,1909f56bfc062723c751e8b465ee728b)
Start importing Assets/Art/Background/profilePic.png using Guid(d0767c7aba2a8bd43a087753b7b9576e) Importer(815301076,1909f56bfc062723c751e8b465ee728b)  -> (artifact id: 'cda91cbb90650b67ef0d8530793c392a') in 0.047753 seconds
  Import took 0.053086 seconds .

========================================================================
Received Import Request.
  Time since last request: 0.016286 seconds.
  path: Assets/Art/Background/profilePic.png
  artifactKey: Guid(d0767c7aba2a8bd43a087753b7b9576e) Importer(815301076,1909f56bfc062723c751e8b465ee728b)
Start importing Assets/Art/Background/profilePic.png using Guid(d0767c7aba2a8bd43a087753b7b9576e) Importer(815301076,1909f56bfc062723c751e8b465ee728b)  -> (artifact id: 'cda91cbb90650b67ef0d8530793c392a') in 0.011646 seconds
  Import took 0.016497 seconds .

========================================================================
Received Import Request.
  Time since last request: 1.185052 seconds.
  path: Assets/Art/Manager/Tabs/manager_tab_inactive.png
  artifactKey: Guid(fb092d99585d5674d91c55b09c808f43) Importer(815301076,1909f56bfc062723c751e8b465ee728b)
Start importing Assets/Art/Manager/Tabs/manager_tab_inactive.png using Guid(fb092d99585d5674d91c55b09c808f43) Importer(815301076,1909f56bfc062723c751e8b465ee728b)  -> (artifact id: '167c35a785cccb79741817d08d2aee33') in 0.042066 seconds
  Import took 0.045398 seconds .

========================================================================
Received Import Request.
  Time since last request: 0.000215 seconds.
  path: Assets/Art/Manager/Tabs/manager_tab_selected.png
  artifactKey: Guid(aea492deac8a67348a252b9ebc744131) Importer(815301076,1909f56bfc062723c751e8b465ee728b)
Start importing Assets/Art/Manager/Tabs/manager_tab_selected.png using Guid(aea492deac8a67348a252b9ebc744131) Importer(815301076,1909f56bfc062723c751e8b465ee728b)  -> (artifact id: '61b4f60936992cbc6156e1e051f4d87a') in 0.036321 seconds
  Import took 0.039790 seconds .

========================================================================
Received Import Request.
  Time since last request: 0.006696 seconds.
  path: Assets/Art/Manager/Tabs/manager_tab_selected.png
  artifactKey: Guid(aea492deac8a67348a252b9ebc744131) Importer(815301076,1909f56bfc062723c751e8b465ee728b)
Start importing Assets/Art/Manager/Tabs/manager_tab_selected.png using Guid(aea492deac8a67348a252b9ebc744131) Importer(815301076,1909f56bfc062723c751e8b465ee728b)  -> (artifact id: '61b4f60936992cbc6156e1e051f4d87a') in 0.006220 seconds
  Import took 0.009647 seconds .

========================================================================
Received Import Request.
  Time since last request: 0.324220 seconds.
  path: Assets/Art/Manager/Tabs/manager_processes.png
  artifactKey: Guid(85a799f8a4f5d444283a9c701cd1d130) Importer(815301076,1909f56bfc062723c751e8b465ee728b)
Start importing Assets/Art/Manager/Tabs/manager_processes.png using Guid(85a799f8a4f5d444283a9c701cd1d130) Importer(815301076,1909f56bfc062723c751e8b465ee728b)  -> (artifact id: '6c70dca04bc6872f1c1936020f89dbc2') in 0.040725 seconds
  Import took 0.044062 seconds .

========================================================================
Received Import Request.
  Time since last request: 0.000249 seconds.
  path: Assets/Art/Manager/Tabs/manager_tab_active.png
  artifactKey: Guid(fc582d31424842548b36b67dd44f6631) Importer(815301076,1909f56bfc062723c751e8b465ee728b)
Start importing Assets/Art/Manager/Tabs/manager_tab_active.png using Guid(fc582d31424842548b36b67dd44f6631) Importer(815301076,1909f56bfc062723c751e8b465ee728b)  -> (artifact id: '0938bb080793d849aa72291f313394d5') in 0.048772 seconds
  Import took 0.052097 seconds .

========================================================================
Received Import Request.
  Time since last request: 0.000199 seconds.
  path: Assets/Art/Manager/Buttons/manager_button_hover.png
  artifactKey: Guid(59a959ff5bac6014aaf8078c45dfb348) Importer(815301076,1909f56bfc062723c751e8b465ee728b)
Start importing Assets/Art/Manager/Buttons/manager_button_hover.png using Guid(59a959ff5bac6014aaf8078c45dfb348) Importer(815301076,1909f56bfc062723c751e8b465ee728b)  -> (artifact id: 'a2abc6e08e9d37a07db6f00b48e36e31') in 0.045822 seconds
  Import took 0.049199 seconds .

========================================================================
Received Import Request.
  Time since last request: 0.000232 seconds.
  path: Assets/Art/Manager/Performance/manager_performance.png
  artifactKey: Guid(70ced76162fa0dc4ea1f99e65ebf1681) Importer(815301076,1909f56bfc062723c751e8b465ee728b)
Start importing Assets/Art/Manager/Performance/manager_performance.png using Guid(70ced76162fa0dc4ea1f99e65ebf1681) Importer(815301076,1909f56bfc062723c751e8b465ee728b)  -> (artifact id: '28913c7a778d243a5e00d42b6ac290d3') in 0.041106 seconds
  Import took 0.044448 seconds .

========================================================================
Received Import Request.
  Time since last request: 0.000457 seconds.
  path: Assets/Art/Manager/Buttons/manager_button_inactive.png
  artifactKey: Guid(f1713a20cf86ff0469896b263cbe9789) Importer(815301076,1909f56bfc062723c751e8b465ee728b)
Start importing Assets/Art/Manager/Buttons/manager_button_inactive.png using Guid(f1713a20cf86ff0469896b263cbe9789) Importer(815301076,1909f56bfc062723c751e8b465ee728b)  -> (artifact id: '8e1bca461e24681ad8750684b826fb7d') in 0.040378 seconds
  Import took 0.043559 seconds .

========================================================================
Received Import Request.
  Time since last request: 0.000228 seconds.
  path: Assets/Art/Manager/Buttons/manager_button_active.png
  artifactKey: Guid(8d358fdef137f0446b2e8497b03ca16c) Importer(815301076,1909f56bfc062723c751e8b465ee728b)
Start importing Assets/Art/Manager/Buttons/manager_button_active.png using Guid(8d358fdef137f0446b2e8497b03ca16c) Importer(815301076,1909f56bfc062723c751e8b465ee728b)  -> (artifact id: '78ec070c85806679ab1a94215110753b') in 0.016769 seconds
  Import took 0.019850 seconds .

========================================================================
Received Import Request.
  Time since last request: 0.060187 seconds.
  path: Assets/Art/Manager/Performance/manager_bar_full.png
  artifactKey: Guid(d68967f42fa605c49b9497e24d7590d1) Importer(815301076,1909f56bfc062723c751e8b465ee728b)
Start importing Assets/Art/Manager/Performance/manager_bar_full.png using Guid(d68967f42fa605c49b9497e24d7590d1) Importer(815301076,1909f56bfc062723c751e8b465ee728b)  -> (artifact id: '740ace19d0b0a1f566aa4c9bcab0305c') in 0.021230 seconds
  Import took 0.024712 seconds .

========================================================================
Received Import Request.
  Time since last request: 0.000222 seconds.
  path: Assets/Art/Manager/Performance/manager_bar_half.png
  artifactKey: Guid(3340854466cc9fe4aa6819ea31c2c31a) Importer(815301076,1909f56bfc062723c751e8b465ee728b)
Start importing Assets/Art/Manager/Performance/manager_bar_half.png using Guid(3340854466cc9fe4aa6819ea31c2c31a) Importer(815301076,1909f56bfc062723c751e8b465ee728b)  -> (artifact id: '3b4b62d93eec8735e6052234d40620a8') in 0.059071 seconds
  Import took 0.062218 seconds .

========================================================================
Received Import Request.
  Time since last request: 0.000250 seconds.
  path: Assets/Art/Manager/Performance/manager_bar_empty.png
  artifactKey: Guid(34d3d6044a9010a47951136473d39dc0) Importer(815301076,1909f56bfc062723c751e8b465ee728b)
Start importing Assets/Art/Manager/Performance/manager_bar_empty.png using Guid(34d3d6044a9010a47951136473d39dc0) Importer(815301076,1909f56bfc062723c751e8b465ee728b)  -> (artifact id: '7fb441c96012510981134b18ea55dfd9') in 0.047875 seconds
  Import took 0.051210 seconds .

========================================================================
Received Import Request.
  Time since last request: 0.000255 seconds.
  path: Assets/Art/Installer/Performance/installer_bar_empty.png
  artifactKey: Guid(e6fdf1b4cc7c3f24a87823714f810037) Importer(815301076,1909f56bfc062723c751e8b465ee728b)
Start importing Assets/Art/Installer/Performance/installer_bar_empty.png using Guid(e6fdf1b4cc7c3f24a87823714f810037) Importer(815301076,1909f56bfc062723c751e8b465ee728b)  -> (artifact id: '139df05a6fa40f4d5fad7a48fe506a7d') in 0.023249 seconds
  Import took 0.049293 seconds .

========================================================================
Received Import Request.
  Time since last request: 0.001500 seconds.
  path: Assets/Art/Installer/installer_background.png
  artifactKey: Guid(0f87fba85942607418547025934772db) Importer(815301076,1909f56bfc062723c751e8b465ee728b)
Start importing Assets/Art/Installer/installer_background.png using Guid(0f87fba85942607418547025934772db) Importer(815301076,1909f56bfc062723c751e8b465ee728b)  -> (artifact id: 'f390de54efd0ee59dc02b715795aceee') in 0.045757 seconds
  Import took 0.049127 seconds .

========================================================================
Received Import Request.
  Time since last request: 0.000221 seconds.
  path: Assets/Art/Installer/Performance/installer_bar_full.png
  artifactKey: Guid(502c6727aa0b2f64b9941169e335df29) Importer(815301076,1909f56bfc062723c751e8b465ee728b)
Start importing Assets/Art/Installer/Performance/installer_bar_full.png using Guid(502c6727aa0b2f64b9941169e335df29) Importer(815301076,1909f56bfc062723c751e8b465ee728b)  -> (artifact id: '9adf28fdebf69b1ceb665b977b4b3787') in 0.019686 seconds
  Import took 0.022668 seconds .

========================================================================
Received Import Request.
  Time since last request: 0.000221 seconds.
  path: Assets/Art/Installer/Performance/installer_bar_half.png
  artifactKey: Guid(3c08a3a9ed90429499950b90352b5f6c) Importer(815301076,1909f56bfc062723c751e8b465ee728b)
Start importing Assets/Art/Installer/Performance/installer_bar_half.png using Guid(3c08a3a9ed90429499950b90352b5f6c) Importer(815301076,1909f56bfc062723c751e8b465ee728b)  -> (artifact id: '5a0a5acb4bf3e4783b17daa58bc43b36') in 0.047178 seconds
  Import took 0.050008 seconds .

========================================================================
Received Import Request.
  Time since last request: 0.000217 seconds.
  path: Assets/Art/Installer/Performance/installer_progress.png
  artifactKey: Guid(a2460ec8e97a33340ba0ce44e3d55e19) Importer(815301076,1909f56bfc062723c751e8b465ee728b)
Start importing Assets/Art/Installer/Performance/installer_progress.png using Guid(a2460ec8e97a33340ba0ce44e3d55e19) Importer(815301076,1909f56bfc062723c751e8b465ee728b)  -> (artifact id: 'cabaaf3df1abc6eba919b1429a74e701') in 0.036444 seconds
  Import took 0.039437 seconds .

========================================================================
Received Import Request.
  Time since last request: 0.000238 seconds.
  path: Assets/Art/Installer/Performance/installer_bar_half.png
  artifactKey: Guid(3c08a3a9ed90429499950b90352b5f6c) Importer(815301076,1909f56bfc062723c751e8b465ee728b)
Start importing Assets/Art/Installer/Performance/installer_bar_half.png using Guid(3c08a3a9ed90429499950b90352b5f6c) Importer(815301076,1909f56bfc062723c751e8b465ee728b)  -> (artifact id: '5a0a5acb4bf3e4783b17daa58bc43b36') in 0.006323 seconds
  Import took 0.009366 seconds .

========================================================================
Received Import Request.
  Time since last request: 0.000277 seconds.
  path: Assets/Art/Background/game_over.png
  artifactKey: Guid(8acfbb70fbfe73d47a535028524f257b) Importer(815301076,1909f56bfc062723c751e8b465ee728b)
Start importing Assets/Art/Background/game_over.png using Guid(8acfbb70fbfe73d47a535028524f257b) Importer(815301076,1909f56bfc062723c751e8b465ee728b)  -> (artifact id: 'd03cfee83fe4c9c7b7f2aa5278b2e864') in 0.123125 seconds
  Import took 0.126311 seconds .

========================================================================
Received Import Request.
  Time since last request: 0.000242 seconds.
  path: Assets/Art/Utility/Button/close_button_hover.png
  artifactKey: Guid(b534f649031890c479db52e105904c65) Importer(815301076,1909f56bfc062723c751e8b465ee728b)
Start importing Assets/Art/Utility/Button/close_button_hover.png using Guid(b534f649031890c479db52e105904c65) Importer(815301076,1909f56bfc062723c751e8b465ee728b)  -> (artifact id: '6f1d2be6539db4ddbc5cf7db2af490a7') in 0.023977 seconds
  Import took 0.072289 seconds .

========================================================================
Received Import Request.
  Time since last request: 0.000215 seconds.
  path: Assets/Art/Utility/Button/close_button.png
  artifactKey: Guid(12c8cc92488f51d40a9e5fd3413acea8) Importer(815301076,1909f56bfc062723c751e8b465ee728b)
Start importing Assets/Art/Utility/Button/close_button.png using Guid(12c8cc92488f51d40a9e5fd3413acea8) Importer(815301076,1909f56bfc062723c751e8b465ee728b)  -> (artifact id: '54d419003670b122686906fa95613db0') in 0.082449 seconds
  Import took 0.085470 seconds .

========================================================================
Received Import Request.
  Time since last request: 0.107325 seconds.
  path: Assets/Art/Utility/Button/alt_close_button_hover_2.png
  artifactKey: Guid(aa72dd24f49f2004d9bde48333617b92) Importer(815301076,1909f56bfc062723c751e8b465ee728b)
Start importing Assets/Art/Utility/Button/alt_close_button_hover_2.png using Guid(aa72dd24f49f2004d9bde48333617b92) Importer(815301076,1909f56bfc062723c751e8b465ee728b)  -> (artifact id: '959fbe25c2570fcf69af27fe94f7d0e7') in 0.043529 seconds
  Import took 0.047381 seconds .

========================================================================
Received Import Request.
  Time since last request: 0.000203 seconds.
  path: Assets/Art/Background/background.png
  artifactKey: Guid(7fd76dc227035914ab3e09a364ed1a72) Importer(815301076,1909f56bfc062723c751e8b465ee728b)
Start importing Assets/Art/Background/background.png using Guid(7fd76dc227035914ab3e09a364ed1a72) Importer(815301076,1909f56bfc062723c751e8b465ee728b)  -> (artifact id: 'a3e7ec9a759c55a8af5110732eaab46d') in 0.042094 seconds
  Import took 0.045582 seconds .

========================================================================
Received Import Request.
  Time since last request: 0.000264 seconds.
  path: Assets/Art/Utility/Button/alt_close_button_2.png
  artifactKey: Guid(c1461018ff25b53429ce1a36653f7115) Importer(815301076,1909f56bfc062723c751e8b465ee728b)
Start importing Assets/Art/Utility/Button/alt_close_button_2.png using Guid(c1461018ff25b53429ce1a36653f7115) Importer(815301076,1909f56bfc062723c751e8b465ee728b)  -> (artifact id: '4e251e2117bbc15bf170ae0f87d90290') in 0.035048 seconds
  Import took 0.038017 seconds .

========================================================================
Received Prepare
Registering precompiled user dll's ...
Registered in 0.002350 seconds.
Begin MonoManager ReloadAssembly
Native extension for WindowsStandalone target not found
Native extension for WebGL target not found
Refreshing native plugins compatible for Editor in 0.57 ms, found 1 plugins.
Preloading 0 native plugins for Editor in 0.00 ms.
Mono: successfully reloaded assembly
- Completed reload, in  0.870 seconds
Platform modules already initialized, skipping
Refreshing native plugins compatible for Editor in 0.62 ms, found 1 plugins.
Preloading 0 native plugins for Editor in 0.00 ms.
Unloading 2043 Unused Serialized files (Serialized files now loaded: 0)
System memory in use before: 93.9 MB.
System memory in use after: 94.1 MB.

Unloading 27 unused Assets to reduce memory usage. Loaded Objects now: 2546.
Total: 1.962600 ms (FindLiveObjects: 0.202800 ms CreateObjectMapping: 0.093300 ms MarkObjects: 1.642700 ms  DeleteObjects: 0.022800 ms)

========================================================================
Received Prepare
Registering precompiled user dll's ...
Registered in 0.002537 seconds.
Begin MonoManager ReloadAssembly
Native extension for WindowsStandalone target not found
Native extension for WebGL target not found
Refreshing native plugins compatible for Editor in 0.51 ms, found 1 plugins.
Preloading 0 native plugins for Editor in 0.00 ms.
Mono: successfully reloaded assembly
- Completed reload, in  0.781 seconds
Platform modules already initialized, skipping
Refreshing native plugins compatible for Editor in 0.51 ms, found 1 plugins.
Preloading 0 native plugins for Editor in 0.00 ms.
Unloading 2043 Unused Serialized files (Serialized files now loaded: 0)
System memory in use before: 94.0 MB.
System memory in use after: 94.1 MB.

Unloading 27 unused Assets to reduce memory usage. Loaded Objects now: 2550.
Total: 2.117500 ms (FindLiveObjects: 0.350600 ms CreateObjectMapping: 0.105700 ms MarkObjects: 1.638400 ms  DeleteObjects: 0.021000 ms)

========================================================================
Received Import Request.
  Time since last request: 233.776006 seconds.
  path: Assets/Art/Adverts/adobis 1.png
  artifactKey: Guid(859eee5e2ede8ca4aa72004a4216527f) Importer(815301076,1909f56bfc062723c751e8b465ee728b)
Start importing Assets/Art/Adverts/adobis 1.png using Guid(859eee5e2ede8ca4aa72004a4216527f) Importer(815301076,1909f56bfc062723c751e8b465ee728b)  -> (artifact id: '19b97adaba345dc3fc5d49bd79aeb2af') in 0.047270 seconds
  Import took 0.050298 seconds .

========================================================================
Received Import Request.
  Time since last request: 21.138908 seconds.
  path: Assets/Art/Adverts/adobis.png
  artifactKey: Guid(98aa29eb257dd1e418f4c3c36b60cfc6) Importer(815301076,1909f56bfc062723c751e8b465ee728b)
Start importing Assets/Art/Adverts/adobis.png using Guid(98aa29eb257dd1e418f4c3c36b60cfc6) Importer(815301076,1909f56bfc062723c751e8b465ee728b)  -> (artifact id: '2a7b93b32c8508511bd7b3ac3ef1a186') in 0.019269 seconds
  Import took 0.022540 seconds .

========================================================================
Received Prepare
Registering precompiled user dll's ...
Registered in 0.002276 seconds.
Begin MonoManager ReloadAssembly
Native extension for WindowsStandalone target not found
Native extension for WebGL target not found
Refreshing native plugins compatible for Editor in 0.51 ms, found 1 plugins.
Preloading 0 native plugins for Editor in 0.00 ms.
Mono: successfully reloaded assembly
- Completed reload, in  0.796 seconds
Platform modules already initialized, skipping
Refreshing native plugins compatible for Editor in 0.55 ms, found 1 plugins.
Preloading 0 native plugins for Editor in 0.00 ms.
Unloading 2043 Unused Serialized files (Serialized files now loaded: 0)
System memory in use before: 94.0 MB.
System memory in use after: 94.1 MB.

Unloading 27 unused Assets to reduce memory usage. Loaded Objects now: 2555.
Total: 2.373800 ms (FindLiveObjects: 0.278100 ms CreateObjectMapping: 0.098600 ms MarkObjects: 1.959000 ms  DeleteObjects: 0.036800 ms)

========================================================================
Received Import Request.
  Time since last request: 34.129129 seconds.
  path: Assets/Art/Adverts/adobis.png
  artifactKey: Guid(98aa29eb257dd1e418f4c3c36b60cfc6) Importer(815301076,1909f56bfc062723c751e8b465ee728b)
Start importing Assets/Art/Adverts/adobis.png using Guid(98aa29eb257dd1e418f4c3c36b60cfc6) Importer(815301076,1909f56bfc062723c751e8b465ee728b)  -> (artifact id: '9b5708b98d3b9373fa900711d39f1344') in 0.049046 seconds
  Import took 0.052524 seconds .

========================================================================
Received Import Request.
  Time since last request: 0.005892 seconds.
  path: Assets/Art/Adverts/adobis.png
  artifactKey: Guid(98aa29eb257dd1e418f4c3c36b60cfc6) Importer(815301076,1909f56bfc062723c751e8b465ee728b)
Start importing Assets/Art/Adverts/adobis.png using Guid(98aa29eb257dd1e418f4c3c36b60cfc6) Importer(815301076,1909f56bfc062723c751e8b465ee728b)  -> (artifact id: '9b5708b98d3b9373fa900711d39f1344') in 0.020946 seconds
  Import took 0.024346 seconds .

========================================================================
Received Prepare
Registering precompiled user dll's ...
Registered in 0.002536 seconds.
Begin MonoManager ReloadAssembly
Native extension for WindowsStandalone target not found
Native extension for WebGL target not found
Refreshing native plugins compatible for Editor in 0.57 ms, found 1 plugins.
Preloading 0 native plugins for Editor in 0.00 ms.
Mono: successfully reloaded assembly
- Completed reload, in  0.805 seconds
Platform modules already initialized, skipping
Refreshing native plugins compatible for Editor in 0.51 ms, found 1 plugins.
Preloading 0 native plugins for Editor in 0.00 ms.
Unloading 2043 Unused Serialized files (Serialized files now loaded: 0)
System memory in use before: 94.0 MB.
System memory in use after: 94.1 MB.

Unloading 27 unused Assets to reduce memory usage. Loaded Objects now: 2560.
Total: 1.995700 ms (FindLiveObjects: 0.232800 ms CreateObjectMapping: 0.084100 ms MarkObjects: 1.657900 ms  DeleteObjects: 0.019700 ms)

========================================================================
Received Prepare
Registering precompiled user dll's ...
Registered in 0.002449 seconds.
Begin MonoManager ReloadAssembly
Native extension for WindowsStandalone target not found
Native extension for WebGL target not found
Refreshing native plugins compatible for Editor in 0.54 ms, found 1 plugins.
Preloading 0 native plugins for Editor in 0.00 ms.
Mono: successfully reloaded assembly
- Completed reload, in  0.809 seconds
Platform modules already initialized, skipping
Refreshing native plugins compatible for Editor in 0.54 ms, found 1 plugins.
Preloading 0 native plugins for Editor in 0.00 ms.
Unloading 2043 Unused Serialized files (Serialized files now loaded: 0)
System memory in use before: 94.0 MB.
System memory in use after: 94.1 MB.

Unloading 27 unused Assets to reduce memory usage. Loaded Objects now: 2564.
Total: 1.982600 ms (FindLiveObjects: 0.283500 ms CreateObjectMapping: 0.088700 ms MarkObjects: 1.590700 ms  DeleteObjects: 0.018900 ms)

========================================================================
Received Prepare
Registering precompiled user dll's ...
Registered in 0.002407 seconds.
Begin MonoManager ReloadAssembly
Native extension for WindowsStandalone target not found
Native extension for WebGL target not found
Refreshing native plugins compatible for Editor in 0.58 ms, found 1 plugins.
Preloading 0 native plugins for Editor in 0.00 ms.
Mono: successfully reloaded assembly
- Completed reload, in  0.837 seconds
Platform modules already initialized, skipping
Refreshing native plugins compatible for Editor in 0.51 ms, found 1 plugins.
Preloading 0 native plugins for Editor in 0.00 ms.
Unloading 2043 Unused Serialized files (Serialized files now loaded: 0)
System memory in use before: 94.0 MB.
System memory in use after: 94.1 MB.

Unloading 27 unused Assets to reduce memory usage. Loaded Objects now: 2568.
Total: 2.083200 ms (FindLiveObjects: 0.239400 ms CreateObjectMapping: 0.093500 ms MarkObjects: 1.728000 ms  DeleteObjects: 0.020800 ms)

========================================================================
Received Prepare
Registering precompiled user dll's ...
Registered in 0.002390 seconds.
Begin MonoManager ReloadAssembly
Native extension for WindowsStandalone target not found
Native extension for WebGL target not found
Refreshing native plugins compatible for Editor in 0.54 ms, found 1 plugins.
Preloading 0 native plugins for Editor in 0.00 ms.
Mono: successfully reloaded assembly
- Completed reload, in  0.814 seconds
Platform modules already initialized, skipping
Refreshing native plugins compatible for Editor in 0.54 ms, found 1 plugins.
Preloading 0 native plugins for Editor in 0.00 ms.
Unloading 2043 Unused Serialized files (Serialized files now loaded: 0)
System memory in use before: 94.0 MB.
System memory in use after: 94.1 MB.

Unloading 27 unused Assets to reduce memory usage. Loaded Objects now: 2572.
Total: 2.560700 ms (FindLiveObjects: 0.253400 ms CreateObjectMapping: 0.116700 ms MarkObjects: 2.153700 ms  DeleteObjects: 0.035500 ms)

========================================================================
Received Prepare
Registering precompiled user dll's ...
Registered in 0.002377 seconds.
Begin MonoManager ReloadAssembly
Native extension for WindowsStandalone target not found
Native extension for WebGL target not found
Refreshing native plugins compatible for Editor in 0.58 ms, found 1 plugins.
Preloading 0 native plugins for Editor in 0.00 ms.
Mono: successfully reloaded assembly
- Completed reload, in  0.787 seconds
Platform modules already initialized, skipping
Refreshing native plugins compatible for Editor in 0.54 ms, found 1 plugins.
Preloading 0 native plugins for Editor in 0.00 ms.
Unloading 2043 Unused Serialized files (Serialized files now loaded: 0)
System memory in use before: 94.0 MB.
System memory in use after: 94.2 MB.

Unloading 27 unused Assets to reduce memory usage. Loaded Objects now: 2576.
Total: 2.132200 ms (FindLiveObjects: 0.239300 ms CreateObjectMapping: 0.092500 ms MarkObjects: 1.778600 ms  DeleteObjects: 0.020500 ms)

========================================================================
Received Prepare
Registering precompiled user dll's ...
Registered in 0.002462 seconds.
Begin MonoManager ReloadAssembly
Native extension for WindowsStandalone target not found
Native extension for WebGL target not found
Refreshing native plugins compatible for Editor in 0.52 ms, found 1 plugins.
Preloading 0 native plugins for Editor in 0.00 ms.
Mono: successfully reloaded assembly
- Completed reload, in  0.856 seconds
Platform modules already initialized, skipping
Refreshing native plugins compatible for Editor in 0.61 ms, found 1 plugins.
Preloading 0 native plugins for Editor in 0.00 ms.
Unloading 2043 Unused Serialized files (Serialized files now loaded: 0)
System memory in use before: 94.0 MB.
System memory in use after: 94.2 MB.

Unloading 27 unused Assets to reduce memory usage. Loaded Objects now: 2580.
Total: 2.448100 ms (FindLiveObjects: 0.358500 ms CreateObjectMapping: 0.143000 ms MarkObjects: 1.924000 ms  DeleteObjects: 0.021700 ms)

========================================================================
Received Prepare
Registering precompiled user dll's ...
Registered in 0.002354 seconds.
Begin MonoManager ReloadAssembly
Native extension for WindowsStandalone target not found
Native extension for WebGL target not found
Refreshing native plugins compatible for Editor in 0.53 ms, found 1 plugins.
Preloading 0 native plugins for Editor in 0.00 ms.
Mono: successfully reloaded assembly
- Completed reload, in  0.818 seconds
Platform modules already initialized, skipping
Refreshing native plugins compatible for Editor in 0.56 ms, found 1 plugins.
Preloading 0 native plugins for Editor in 0.00 ms.
Unloading 2043 Unused Serialized files (Serialized files now loaded: 0)
System memory in use before: 94.1 MB.
System memory in use after: 94.2 MB.

Unloading 27 unused Assets to reduce memory usage. Loaded Objects now: 2584.
Total: 1.978000 ms (FindLiveObjects: 0.234600 ms CreateObjectMapping: 0.112000 ms MarkObjects: 1.612700 ms  DeleteObjects: 0.017600 ms)

AssetImportWorkerClient::OnTransportError - code=2 error=End of file
