Using pre-set license
Built from '2020.3/staging' branch; Version is '2020.3.4f1 (0abb6314276a) revision 703331'; Using compiler version '192528614'; Build Type 'Release'
OS: 'Windows 10 Pro; OS build 19042.867; Version 2009; 64bit' Language: 'en' Physical Memory: 32718 MB
BatchMode: 1, IsHumanControllingUs: 0, StartBugReporterOnCrash: 0, Is64bit: 1, IsPro: 0

 COMMAND LINE ARGUMENTS:
C:\Program Files\Unity\Hub\Editor\2020.3.4f1\Editor\Unity.exe
-adb2
-batchMode
-noUpm
-name
AssetImportWorker2
-projectPath
E:/Storage/Desktop/Games/Unity/GAM392/GAM_392_GameMod_TeamD/GAM_392_TeamD
-logFile
Logs/AssetImportWorker2.log
-srvPort
57816
Successfully changed project path to: E:/Storage/Desktop/Games/Unity/GAM392/GAM_392_GameMod_TeamD/GAM_392_TeamD
E:/Storage/Desktop/Games/Unity/GAM392/GAM_392_GameMod_TeamD/GAM_392_TeamD
Using Asset Import Pipeline V2.
Refreshing native plugins compatible for Editor in 43.86 ms, found 1 plugins.
Preloading 0 native plugins for Editor in 0.00 ms.
Initialize engine version: 2020.3.4f1 (0abb6314276a)
[Subsystems] Discovering subsystems at path C:/Program Files/Unity/Hub/Editor/2020.3.4f1/Editor/Data/Resources/UnitySubsystems
[Subsystems] Discovering subsystems at path E:/Storage/Desktop/Games/Unity/GAM392/GAM_392_GameMod_TeamD/GAM_392_TeamD/Assets
GfxDevice: creating device client; threaded=0
Direct3D:
    Version:  Direct3D 11.0 [level 11.1]
    Renderer: NVIDIA GeForce GTX 1060 3GB (ID=0x1c02)
    Vendor:   
    VRAM:     2988 MB
    Driver:   27.21.14.6611
Initialize mono
Mono path[0] = 'C:/Program Files/Unity/Hub/Editor/2020.3.4f1/Editor/Data/Managed'
Mono path[1] = 'C:/Program Files/Unity/Hub/Editor/2020.3.4f1/Editor/Data/MonoBleedingEdge/lib/mono/unityjit'
Mono config path = 'C:/Program Files/Unity/Hub/Editor/2020.3.4f1/Editor/Data/MonoBleedingEdge/etc'
Using monoOptions --debugger-agent=transport=dt_socket,embedding=1,server=y,suspend=n,address=127.0.0.1:56548
Begin MonoManager ReloadAssembly
Registering precompiled unity dll's ...
Register platform support module: C:/Program Files/Unity/Hub/Editor/2020.3.4f1/Editor/Data/PlaybackEngines/WindowsStandaloneSupport/UnityEditor.WindowsStandalone.Extensions.dll
Registered in 0.001680 seconds.
Native extension for WindowsStandalone target not found
Refreshing native plugins compatible for Editor in 40.07 ms, found 1 plugins.
Preloading 0 native plugins for Editor in 0.00 ms.
Mono: successfully reloaded assembly
- Completed reload, in  0.975 seconds
Platform modules already initialized, skipping
Registering precompiled user dll's ...
Registered in 0.001418 seconds.
Begin MonoManager ReloadAssembly
Native extension for WindowsStandalone target not found
Refreshing native plugins compatible for Editor in 38.89 ms, found 1 plugins.
Preloading 0 native plugins for Editor in 0.00 ms.
Mono: successfully reloaded assembly
- Completed reload, in  0.781 seconds
Platform modules already initialized, skipping
========================================================================
Worker process is ready to serve import requests
Launched and connected shader compiler UnityShaderCompiler.exe after 0.27 seconds
Refreshing native plugins compatible for Editor in 0.58 ms, found 1 plugins.
Preloading 0 native plugins for Editor in 0.00 ms.
Unloading 2041 Unused Serialized files (Serialized files now loaded: 0)
System memory in use before: 90.9 MB.
System memory in use after: 90.9 MB.

Unloading 39 unused Assets to reduce memory usage. Loaded Objects now: 2473.
Total: 2.376900 ms (FindLiveObjects: 0.273400 ms CreateObjectMapping: 0.048500 ms MarkObjects: 1.975400 ms  DeleteObjects: 0.078100 ms)

========================================================================
Received Import Request.
  path: Assets/scripts/toggleButton.cs
  artifactKey: Guid(09ad352555630f345ae54a7ade64dd6f) Importer(815301076,1909f56bfc062723c751e8b465ee728b)
Start importing Assets/scripts/toggleButton.cs using Guid(09ad352555630f345ae54a7ade64dd6f) Importer(815301076,1909f56bfc062723c751e8b465ee728b)  -> (artifact id: '2294a7d34a6a2a5385bbf625220f0e05') in 0.026238 seconds
  Import took 0.029348 seconds .

========================================================================
Received Import Request.
  Time since last request: 29.492030 seconds.
  path: Assets/scripts/TImer.cs
  artifactKey: Guid(5b416a99d4c2b5947b26e8087c412757) Importer(815301076,1909f56bfc062723c751e8b465ee728b)
Start importing Assets/scripts/TImer.cs using Guid(5b416a99d4c2b5947b26e8087c412757) Importer(815301076,1909f56bfc062723c751e8b465ee728b)  -> (artifact id: '75ddf842a3e3b2f76ec6aaeb4f1638af') in 0.005998 seconds
  Import took 0.008918 seconds .

========================================================================
Received Import Request.
  Time since last request: 0.000766 seconds.
  path: Assets/scripts/TImer.cs
  artifactKey: Guid(5b416a99d4c2b5947b26e8087c412757) Importer(815301076,1909f56bfc062723c751e8b465ee728b)
Start importing Assets/scripts/TImer.cs using Guid(5b416a99d4c2b5947b26e8087c412757) Importer(815301076,1909f56bfc062723c751e8b465ee728b)  -> (artifact id: '75ddf842a3e3b2f76ec6aaeb4f1638af') in 0.002316 seconds
  Import took 0.004858 seconds .

========================================================================
Received Import Request.
  Time since last request: 1.231665 seconds.
  path: Assets/scripts/ProgressBar.cs
  artifactKey: Guid(9ce4c853386688b4abfbe26f60c53e03) Importer(815301076,1909f56bfc062723c751e8b465ee728b)
Start importing Assets/scripts/ProgressBar.cs using Guid(9ce4c853386688b4abfbe26f60c53e03) Importer(815301076,1909f56bfc062723c751e8b465ee728b)  -> (artifact id: 'c3ee302ab83911ea67c75d2f50925666') in 0.007133 seconds
  Import took 0.032982 seconds .

========================================================================
Received Import Request.
  Time since last request: 1.629293 seconds.
  path: Assets/scripts/MemoryBar.cs
  artifactKey: Guid(3b466e41596f7ce49a22ae5d8c831fa3) Importer(815301076,1909f56bfc062723c751e8b465ee728b)
Start importing Assets/scripts/MemoryBar.cs using Guid(3b466e41596f7ce49a22ae5d8c831fa3) Importer(815301076,1909f56bfc062723c751e8b465ee728b)  -> (artifact id: '72efcb732f7bbff1b124099b356b954b') in 0.005876 seconds
  Import took 0.024482 seconds .

========================================================================
Received Import Request.
  Time since last request: 0.001800 seconds.
  path: Assets/scripts/MemoryBar.cs
  artifactKey: Guid(3b466e41596f7ce49a22ae5d8c831fa3) Importer(815301076,1909f56bfc062723c751e8b465ee728b)
Start importing Assets/scripts/MemoryBar.cs using Guid(3b466e41596f7ce49a22ae5d8c831fa3) Importer(815301076,1909f56bfc062723c751e8b465ee728b)  -> (artifact id: '72efcb732f7bbff1b124099b356b954b') in 0.002333 seconds
  Import took 0.004860 seconds .

========================================================================
Received Import Request.
  Time since last request: 0.566429 seconds.
  path: Assets/scripts/ButtonDystro.cs
  artifactKey: Guid(3d8fdbd6c3fe12543869588d3905fce1) Importer(815301076,1909f56bfc062723c751e8b465ee728b)
Start importing Assets/scripts/ButtonDystro.cs using Guid(3d8fdbd6c3fe12543869588d3905fce1) Importer(815301076,1909f56bfc062723c751e8b465ee728b)  -> (artifact id: 'cf560fd0c51ee167a81f4fad7f3c95e6') in 0.006493 seconds
  Import took 0.009565 seconds .

========================================================================
Received Import Request.
  Time since last request: 0.000441 seconds.
  path: Assets/scripts/ButtonDystro.cs
  artifactKey: Guid(3d8fdbd6c3fe12543869588d3905fce1) Importer(815301076,1909f56bfc062723c751e8b465ee728b)
Start importing Assets/scripts/ButtonDystro.cs using Guid(3d8fdbd6c3fe12543869588d3905fce1) Importer(815301076,1909f56bfc062723c751e8b465ee728b)  -> (artifact id: 'cf560fd0c51ee167a81f4fad7f3c95e6') in 0.002412 seconds
  Import took 0.005457 seconds .

========================================================================
Received Prepare
Registering precompiled user dll's ...
Registered in 0.001520 seconds.
Begin MonoManager ReloadAssembly
Native extension for WindowsStandalone target not found
Refreshing native plugins compatible for Editor in 0.60 ms, found 1 plugins.
Preloading 0 native plugins for Editor in 0.00 ms.
Mono: successfully reloaded assembly
- Completed reload, in  0.739 seconds
Platform modules already initialized, skipping
Refreshing native plugins compatible for Editor in 0.63 ms, found 1 plugins.
Preloading 0 native plugins for Editor in 0.00 ms.
Unloading 2032 Unused Serialized files (Serialized files now loaded: 0)
System memory in use before: 90.4 MB.
System memory in use after: 90.5 MB.

Unloading 28 unused Assets to reduce memory usage. Loaded Objects now: 2476.
Total: 2.246600 ms (FindLiveObjects: 0.282800 ms CreateObjectMapping: 0.090200 ms MarkObjects: 1.854000 ms  DeleteObjects: 0.018800 ms)

========================================================================
Received Prepare
Registering precompiled user dll's ...
Registered in 0.001444 seconds.
Begin MonoManager ReloadAssembly
Native extension for WindowsStandalone target not found
Refreshing native plugins compatible for Editor in 0.63 ms, found 1 plugins.
Preloading 0 native plugins for Editor in 0.00 ms.
Mono: successfully reloaded assembly
- Completed reload, in  0.722 seconds
Platform modules already initialized, skipping
Refreshing native plugins compatible for Editor in 0.67 ms, found 1 plugins.
Preloading 0 native plugins for Editor in 0.00 ms.
Unloading 2032 Unused Serialized files (Serialized files now loaded: 0)
System memory in use before: 90.5 MB.
System memory in use after: 90.6 MB.

Unloading 28 unused Assets to reduce memory usage. Loaded Objects now: 2479.
Total: 2.313700 ms (FindLiveObjects: 0.269500 ms CreateObjectMapping: 0.057500 ms MarkObjects: 1.960000 ms  DeleteObjects: 0.025400 ms)

========================================================================
Received Prepare
Registering precompiled user dll's ...
Registered in 0.001467 seconds.
Begin MonoManager ReloadAssembly
Native extension for WindowsStandalone target not found
Refreshing native plugins compatible for Editor in 0.60 ms, found 1 plugins.
Preloading 0 native plugins for Editor in 0.00 ms.
Mono: successfully reloaded assembly
- Completed reload, in  0.711 seconds
Platform modules already initialized, skipping
Refreshing native plugins compatible for Editor in 0.61 ms, found 1 plugins.
Preloading 0 native plugins for Editor in 0.00 ms.
Unloading 2032 Unused Serialized files (Serialized files now loaded: 0)
System memory in use before: 90.5 MB.
System memory in use after: 90.6 MB.

Unloading 28 unused Assets to reduce memory usage. Loaded Objects now: 2482.
Total: 2.303100 ms (FindLiveObjects: 0.256000 ms CreateObjectMapping: 0.053700 ms MarkObjects: 1.965700 ms  DeleteObjects: 0.026300 ms)

========================================================================
Received Import Request.
  Time since last request: 630.882263 seconds.
  path: Assets/Scenes/NewScene.unity
  artifactKey: Guid(2cda990e2423bbf4892e6590ba056729) Importer(815301076,1909f56bfc062723c751e8b465ee728b)
Start importing Assets/Scenes/NewScene.unity using Guid(2cda990e2423bbf4892e6590ba056729) Importer(815301076,1909f56bfc062723c751e8b465ee728b)  -> (artifact id: '62d7d822381fb78f46399c2cecb9b3f5') in 0.016739 seconds
  Import took 0.020294 seconds .

AssetImportWorkerClient::OnTransportError - code=2 error=End of file
