Using pre-set license
Built from '2020.3/staging' branch; Version is '2020.3.4f1 (0abb6314276a) revision 703331'; Using compiler version '192528614'; Build Type 'Release'
OS: 'Windows 10 Home; OS build 19042.985; Version 2009; 64bit' Language: 'en' Physical Memory: 8110 MB
BatchMode: 1, IsHumanControllingUs: 0, StartBugReporterOnCrash: 0, Is64bit: 1, IsPro: 0

 COMMAND LINE ARGUMENTS:
C:\Program Files\Unity\Hub\Editor\2020.3.4f1\Editor\Unity.exe
-adb2
-batchMode
-noUpm
-name
AssetImportWorker4
-projectPath
C:/New_SoftwareDepot/SoftwareGame/GAM_392_TeamD
-logFile
Logs/AssetImportWorker4.log
-srvPort
55964
Successfully changed project path to: C:/New_SoftwareDepot/SoftwareGame/GAM_392_TeamD
C:/New_SoftwareDepot/SoftwareGame/GAM_392_TeamD
Using Asset Import Pipeline V2.
Refreshing native plugins compatible for Editor in 54.46 ms, found 1 plugins.
Preloading 0 native plugins for Editor in 0.00 ms.
Initialize engine version: 2020.3.4f1 (0abb6314276a)
[Subsystems] Discovering subsystems at path C:/Program Files/Unity/Hub/Editor/2020.3.4f1/Editor/Data/Resources/UnitySubsystems
[Subsystems] Discovering subsystems at path C:/New_SoftwareDepot/SoftwareGame/GAM_392_TeamD/Assets
GfxDevice: creating device client; threaded=0
Direct3D:
    Version:  Direct3D 11.0 [level 11.1]
    Renderer: NVIDIA GeForce GTX 1060 3GB (ID=0x1c02)
    Vendor:   
    VRAM:     2988 MB
    Driver:   27.21.14.5671
Initialize mono
Mono path[0] = 'C:/Program Files/Unity/Hub/Editor/2020.3.4f1/Editor/Data/Managed'
Mono path[1] = 'C:/Program Files/Unity/Hub/Editor/2020.3.4f1/Editor/Data/MonoBleedingEdge/lib/mono/unityjit'
Mono config path = 'C:/Program Files/Unity/Hub/Editor/2020.3.4f1/Editor/Data/MonoBleedingEdge/etc'
Using monoOptions --debugger-agent=transport=dt_socket,embedding=1,server=y,suspend=n,address=127.0.0.1:56184
Begin MonoManager ReloadAssembly
Registering precompiled unity dll's ...
Register platform support module: C:/Program Files/Unity/Hub/Editor/2020.3.4f1/Editor/Data/PlaybackEngines/WebGLSupport/UnityEditor.WebGL.Extensions.dll
Register platform support module: C:/Program Files/Unity/Hub/Editor/2020.3.4f1/Editor/Data/PlaybackEngines/WindowsStandaloneSupport/UnityEditor.WindowsStandalone.Extensions.dll
Registered in 0.002400 seconds.
Native extension for WindowsStandalone target not found
Native extension for WebGL target not found
Refreshing native plugins compatible for Editor in 46.51 ms, found 1 plugins.
Preloading 0 native plugins for Editor in 0.00 ms.
Mono: successfully reloaded assembly
- Completed reload, in  1.195 seconds
Platform modules already initialized, skipping
Registering precompiled user dll's ...
Registered in 0.002401 seconds.
Begin MonoManager ReloadAssembly
Native extension for WindowsStandalone target not found
Native extension for WebGL target not found
Refreshing native plugins compatible for Editor in 47.60 ms, found 1 plugins.
Preloading 0 native plugins for Editor in 0.00 ms.
Mono: successfully reloaded assembly
- Completed reload, in  2.500 seconds
Platform modules already initialized, skipping
========================================================================
Worker process is ready to serve import requests
Launched and connected shader compiler UnityShaderCompiler.exe after 0.22 seconds
Refreshing native plugins compatible for Editor in 0.56 ms, found 1 plugins.
Preloading 0 native plugins for Editor in 0.00 ms.
Unloading 2053 Unused Serialized files (Serialized files now loaded: 0)
System memory in use before: 91.3 MB.
System memory in use after: 91.4 MB.

Unloading 39 unused Assets to reduce memory usage. Loaded Objects now: 2484.
Total: 1.952500 ms (FindLiveObjects: 0.207300 ms CreateObjectMapping: 0.093100 ms MarkObjects: 1.592000 ms  DeleteObjects: 0.059200 ms)

========================================================================
Received Import Request.
  path: Assets/Scenes/MainMenu.unity
  artifactKey: Guid(252577793df62bf4a8442d01a9e030a8) Importer(815301076,1909f56bfc062723c751e8b465ee728b)
Start importing Assets/Scenes/MainMenu.unity using Guid(252577793df62bf4a8442d01a9e030a8) Importer(815301076,1909f56bfc062723c751e8b465ee728b)  -> (artifact id: '10da6a05fafb6c7e0be5af65a2546c2d') in 0.101022 seconds
  Import took 0.105065 seconds .

========================================================================
Received Prepare
Registering precompiled user dll's ...
Registered in 0.002286 seconds.
Begin MonoManager ReloadAssembly
Native extension for WindowsStandalone target not found
Native extension for WebGL target not found
Refreshing native plugins compatible for Editor in 0.50 ms, found 1 plugins.
Preloading 0 native plugins for Editor in 0.00 ms.
Mono: successfully reloaded assembly
- Completed reload, in  0.821 seconds
Platform modules already initialized, skipping
Refreshing native plugins compatible for Editor in 0.63 ms, found 1 plugins.
Preloading 0 native plugins for Editor in 0.00 ms.
Unloading 2043 Unused Serialized files (Serialized files now loaded: 0)
System memory in use before: 90.8 MB.
System memory in use after: 90.9 MB.

Unloading 27 unused Assets to reduce memory usage. Loaded Objects now: 2488.
Total: 1.888400 ms (FindLiveObjects: 0.216700 ms CreateObjectMapping: 0.089000 ms MarkObjects: 1.560600 ms  DeleteObjects: 0.021100 ms)

========================================================================
Received Prepare
Registering precompiled user dll's ...
Registered in 0.002286 seconds.
Begin MonoManager ReloadAssembly
Native extension for WindowsStandalone target not found
Native extension for WebGL target not found
Refreshing native plugins compatible for Editor in 0.51 ms, found 1 plugins.
Preloading 0 native plugins for Editor in 0.00 ms.
Mono: successfully reloaded assembly
- Completed reload, in  0.803 seconds
Platform modules already initialized, skipping
Refreshing native plugins compatible for Editor in 0.51 ms, found 1 plugins.
Preloading 0 native plugins for Editor in 0.00 ms.
Unloading 2043 Unused Serialized files (Serialized files now loaded: 0)
System memory in use before: 90.8 MB.
System memory in use after: 90.9 MB.

Unloading 27 unused Assets to reduce memory usage. Loaded Objects now: 2492.
Total: 1.896000 ms (FindLiveObjects: 0.219700 ms CreateObjectMapping: 0.083100 ms MarkObjects: 1.570600 ms  DeleteObjects: 0.021600 ms)

========================================================================
Received Import Request.
  Time since last request: 668.495812 seconds.
  path: Assets/Art/Background
  artifactKey: Guid(ec84db23cffeecb45b58d6500fce7e77) Importer(815301076,1909f56bfc062723c751e8b465ee728b)
Start importing Assets/Art/Background using Guid(ec84db23cffeecb45b58d6500fce7e77) Importer(815301076,1909f56bfc062723c751e8b465ee728b)  -> (artifact id: '3781c8b938d036bdb54674c5fd9caa76') in 0.010876 seconds
  Import took 0.027993 seconds .

========================================================================
Received Import Request.
  Time since last request: 0.042196 seconds.
  path: Assets/Art/Background/background.png
  artifactKey: Guid(7fd76dc227035914ab3e09a364ed1a72) Importer(815301076,1909f56bfc062723c751e8b465ee728b)
Start importing Assets/Art/Background/background.png using Guid(7fd76dc227035914ab3e09a364ed1a72) Importer(815301076,1909f56bfc062723c751e8b465ee728b)  -> (artifact id: '76d2e5b73c0702235d944e7ad985c7b7') in 0.270227 seconds
  Import took 0.273298 seconds .

========================================================================
Received Import Request.
  Time since last request: 0.000247 seconds.
  path: Assets/Art/Background/Menu.png
  artifactKey: Guid(b3e11d3c5c16b2c40a18a679d6bd1b35) Importer(815301076,1909f56bfc062723c751e8b465ee728b)
Start importing Assets/Art/Background/Menu.png using Guid(b3e11d3c5c16b2c40a18a679d6bd1b35) Importer(815301076,1909f56bfc062723c751e8b465ee728b)  -> (artifact id: 'ea7fe327d3569d7ef8750d68fdfdf412') in 0.022942 seconds
  Import took 0.025916 seconds .

========================================================================
Received Import Request.
  Time since last request: 0.000262 seconds.
  path: Assets/Art/Background/game_over.png
  artifactKey: Guid(8acfbb70fbfe73d47a535028524f257b) Importer(815301076,1909f56bfc062723c751e8b465ee728b)
Start importing Assets/Art/Background/game_over.png using Guid(8acfbb70fbfe73d47a535028524f257b) Importer(815301076,1909f56bfc062723c751e8b465ee728b)  -> (artifact id: '778d181255d49cad1d48750e46188427') in 0.013135 seconds
  Import took 0.016922 seconds .

========================================================================
Received Import Request.
  Time since last request: 0.000186 seconds.
  path: Assets/Art/Background/profilePic.png
  artifactKey: Guid(d0767c7aba2a8bd43a087753b7b9576e) Importer(815301076,1909f56bfc062723c751e8b465ee728b)
Start importing Assets/Art/Background/profilePic.png using Guid(d0767c7aba2a8bd43a087753b7b9576e) Importer(815301076,1909f56bfc062723c751e8b465ee728b)  -> (artifact id: '26254bb930fc8d856085cddf2f315c3f') in 0.013403 seconds
  Import took 0.017142 seconds .

========================================================================
Received Import Request.
  Time since last request: 4.219013 seconds.
  path: Assets/Art/Manager/Tabs/manager_tab_inactive.png
  artifactKey: Guid(fb092d99585d5674d91c55b09c808f43) Importer(815301076,1909f56bfc062723c751e8b465ee728b)
Start importing Assets/Art/Manager/Tabs/manager_tab_inactive.png using Guid(fb092d99585d5674d91c55b09c808f43) Importer(815301076,1909f56bfc062723c751e8b465ee728b)  -> (artifact id: '821181adce7c936f07849acbc30860f0') in 0.024535 seconds
  Import took 0.027733 seconds .

========================================================================
Received Import Request.
  Time since last request: 0.000251 seconds.
  path: Assets/Art/Manager/Tabs/manger_background.png
  artifactKey: Guid(76dc846b79ae110419da1444df2c8435) Importer(815301076,1909f56bfc062723c751e8b465ee728b)
Start importing Assets/Art/Manager/Tabs/manger_background.png using Guid(76dc846b79ae110419da1444df2c8435) Importer(815301076,1909f56bfc062723c751e8b465ee728b)  -> (artifact id: '374e4718efec32a9c30e7760367adcdf') in 0.050156 seconds
  Import took 0.053220 seconds .

========================================================================
Received Import Request.
  Time since last request: 0.000258 seconds.
  path: Assets/Art/Adverts/Shoot_Updated.png
  artifactKey: Guid(e0f8b93f79746b545a9a1f5d81f96bbc) Importer(815301076,1909f56bfc062723c751e8b465ee728b)
Start importing Assets/Art/Adverts/Shoot_Updated.png using Guid(e0f8b93f79746b545a9a1f5d81f96bbc) Importer(815301076,1909f56bfc062723c751e8b465ee728b)  -> (artifact id: 'e9b29e7273e39fbe8aba21bd570332e7') in 0.086320 seconds
  Import took 0.089522 seconds .

========================================================================
Received Import Request.
  Time since last request: 0.000226 seconds.
  path: Assets/Art/Manager/Tabs/manager_tab_selected.png
  artifactKey: Guid(aea492deac8a67348a252b9ebc744131) Importer(815301076,1909f56bfc062723c751e8b465ee728b)
Start importing Assets/Art/Manager/Tabs/manager_tab_selected.png using Guid(aea492deac8a67348a252b9ebc744131) Importer(815301076,1909f56bfc062723c751e8b465ee728b)  -> (artifact id: 'b796ebf118edb37e05a75cbdad4f9368') in 0.010784 seconds
  Import took 0.014254 seconds .

========================================================================
Received Import Request.
  Time since last request: 0.000266 seconds.
  path: Assets/Art/Utility/Button/power.png
  artifactKey: Guid(c8d5c6b724f48674687aba47c58df3f5) Importer(815301076,1909f56bfc062723c751e8b465ee728b)
Start importing Assets/Art/Utility/Button/power.png using Guid(c8d5c6b724f48674687aba47c58df3f5) Importer(815301076,1909f56bfc062723c751e8b465ee728b)  -> (artifact id: 'bc4e29f71aa9bc36bacb9ba5057cf331') in 0.150964 seconds
  Import took 0.154449 seconds .

========================================================================
Received Import Request.
  Time since last request: 0.000261 seconds.
  path: Assets/Art/Chrome/PlayThisGameChrome.png
  artifactKey: Guid(f936a37df8b6c8e49b8bda6df599090e) Importer(815301076,1909f56bfc062723c751e8b465ee728b)
Start importing Assets/Art/Chrome/PlayThisGameChrome.png using Guid(f936a37df8b6c8e49b8bda6df599090e) Importer(815301076,1909f56bfc062723c751e8b465ee728b)  -> (artifact id: '4a43dc96e1d314200ad719ad92e47bf4') in 0.058530 seconds
  Import took 0.078814 seconds .

========================================================================
Received Import Request.
  Time since last request: 0.000243 seconds.
  path: Assets/Art/Adverts/RetroCarGame_Updated.png
  artifactKey: Guid(193e5cbc12808b24c986780e4453f1d8) Importer(815301076,1909f56bfc062723c751e8b465ee728b)
Start importing Assets/Art/Adverts/RetroCarGame_Updated.png using Guid(193e5cbc12808b24c986780e4453f1d8) Importer(815301076,1909f56bfc062723c751e8b465ee728b)  -> (artifact id: 'cbfcf4fe377224621e950b250d4da097') in 0.035324 seconds
  Import took 0.038391 seconds .

========================================================================
Received Import Request.
  Time since last request: 0.000214 seconds.
  path: Assets/Art/Chrome/PlayThisGameChrome.png
  artifactKey: Guid(f936a37df8b6c8e49b8bda6df599090e) Importer(815301076,1909f56bfc062723c751e8b465ee728b)
Start importing Assets/Art/Chrome/PlayThisGameChrome.png using Guid(f936a37df8b6c8e49b8bda6df599090e) Importer(815301076,1909f56bfc062723c751e8b465ee728b)  -> (artifact id: '4a43dc96e1d314200ad719ad92e47bf4') in 0.016684 seconds
  Import took 0.019743 seconds .

========================================================================
Received Import Request.
  Time since last request: 0.000196 seconds.
  path: Assets/Art/Adverts/RetroCarGame_Updated.png
  artifactKey: Guid(193e5cbc12808b24c986780e4453f1d8) Importer(815301076,1909f56bfc062723c751e8b465ee728b)
Start importing Assets/Art/Adverts/RetroCarGame_Updated.png using Guid(193e5cbc12808b24c986780e4453f1d8) Importer(815301076,1909f56bfc062723c751e8b465ee728b)  -> (artifact id: 'cbfcf4fe377224621e950b250d4da097') in 0.064428 seconds
  Import took 0.067691 seconds .

========================================================================
Received Import Request.
  Time since last request: 7.396832 seconds.
  path: Assets/Art/Manager/Tabs/manager_processes.png
  artifactKey: Guid(85a799f8a4f5d444283a9c701cd1d130) Importer(815301076,1909f56bfc062723c751e8b465ee728b)
Start importing Assets/Art/Manager/Tabs/manager_processes.png using Guid(85a799f8a4f5d444283a9c701cd1d130) Importer(815301076,1909f56bfc062723c751e8b465ee728b)  -> (artifact id: '9ec857ded3071d7bf553d4afb6bae33d') in 0.040932 seconds
  Import took 0.044332 seconds .

========================================================================
Received Import Request.
  Time since last request: 0.000225 seconds.
  path: Assets/Art/Manager/Tabs/manager_tab_active.png
  artifactKey: Guid(fc582d31424842548b36b67dd44f6631) Importer(815301076,1909f56bfc062723c751e8b465ee728b)
Start importing Assets/Art/Manager/Tabs/manager_tab_active.png using Guid(fc582d31424842548b36b67dd44f6631) Importer(815301076,1909f56bfc062723c751e8b465ee728b)  -> (artifact id: 'c5e9cb187b92e410828510436db3e81f') in 0.010491 seconds
  Import took 0.013572 seconds .

========================================================================
Received Import Request.
  Time since last request: 0.000176 seconds.
  path: Assets/Art/Manager/Performance/manager_performance.png
  artifactKey: Guid(70ced76162fa0dc4ea1f99e65ebf1681) Importer(815301076,1909f56bfc062723c751e8b465ee728b)
Start importing Assets/Art/Manager/Performance/manager_performance.png using Guid(70ced76162fa0dc4ea1f99e65ebf1681) Importer(815301076,1909f56bfc062723c751e8b465ee728b)  -> (artifact id: '35c0c3926e32deab47442730e1216c91') in 0.013590 seconds
  Import took 0.016649 seconds .

========================================================================
Received Import Request.
  Time since last request: 0.000169 seconds.
  path: Assets/Art/Manager/Buttons/manager_button_inactive.png
  artifactKey: Guid(f1713a20cf86ff0469896b263cbe9789) Importer(815301076,1909f56bfc062723c751e8b465ee728b)
Start importing Assets/Art/Manager/Buttons/manager_button_inactive.png using Guid(f1713a20cf86ff0469896b263cbe9789) Importer(815301076,1909f56bfc062723c751e8b465ee728b)  -> (artifact id: '71de8db46cc9409523bc1ccc026b2c14') in 0.061943 seconds
  Import took 0.065207 seconds .

========================================================================
Received Import Request.
  Time since last request: 0.000225 seconds.
  path: Assets/Art/Manager/Buttons/manager_button_hover.png
  artifactKey: Guid(59a959ff5bac6014aaf8078c45dfb348) Importer(815301076,1909f56bfc062723c751e8b465ee728b)
Start importing Assets/Art/Manager/Buttons/manager_button_hover.png using Guid(59a959ff5bac6014aaf8078c45dfb348) Importer(815301076,1909f56bfc062723c751e8b465ee728b)  -> (artifact id: '87b69c9077921f1547df3cd5c272c755') in 0.038906 seconds
  Import took 0.041834 seconds .

========================================================================
Received Import Request.
  Time since last request: 0.000247 seconds.
  path: Assets/Art/Manager/Buttons/manager_button_active.png
  artifactKey: Guid(8d358fdef137f0446b2e8497b03ca16c) Importer(815301076,1909f56bfc062723c751e8b465ee728b)
Start importing Assets/Art/Manager/Buttons/manager_button_active.png using Guid(8d358fdef137f0446b2e8497b03ca16c) Importer(815301076,1909f56bfc062723c751e8b465ee728b)  -> (artifact id: '47cf62190d5f078b1dd5a59a4ef49bec') in 0.026222 seconds
  Import took 0.029083 seconds .

========================================================================
Received Import Request.
  Time since last request: 0.001270 seconds.
  path: Assets/Art/Manager/Buttons/manager_button_active.png
  artifactKey: Guid(8d358fdef137f0446b2e8497b03ca16c) Importer(815301076,1909f56bfc062723c751e8b465ee728b)
Start importing Assets/Art/Manager/Buttons/manager_button_active.png using Guid(8d358fdef137f0446b2e8497b03ca16c) Importer(815301076,1909f56bfc062723c751e8b465ee728b)  -> (artifact id: '47cf62190d5f078b1dd5a59a4ef49bec') in 0.007479 seconds
  Import took 0.010735 seconds .

========================================================================
Received Import Request.
  Time since last request: 0.111563 seconds.
  path: Assets/Art/Manager/Performance/manager_bar_full.png
  artifactKey: Guid(d68967f42fa605c49b9497e24d7590d1) Importer(815301076,1909f56bfc062723c751e8b465ee728b)
Start importing Assets/Art/Manager/Performance/manager_bar_full.png using Guid(d68967f42fa605c49b9497e24d7590d1) Importer(815301076,1909f56bfc062723c751e8b465ee728b)  -> (artifact id: '227dc4b61b1e035c2cba6ac573528c55') in 0.013087 seconds
  Import took 0.016326 seconds .

========================================================================
Received Import Request.
  Time since last request: 0.000202 seconds.
  path: Assets/Art/Manager/Performance/manager_bar_empty.png
  artifactKey: Guid(34d3d6044a9010a47951136473d39dc0) Importer(815301076,1909f56bfc062723c751e8b465ee728b)
Start importing Assets/Art/Manager/Performance/manager_bar_empty.png using Guid(34d3d6044a9010a47951136473d39dc0) Importer(815301076,1909f56bfc062723c751e8b465ee728b)  -> (artifact id: 'f48c16a66797574fc89f57a272950734') in 0.013406 seconds
  Import took 0.031673 seconds .

========================================================================
Received Import Request.
  Time since last request: 0.000196 seconds.
  path: Assets/Art/Manager/Performance/manager_bar_half.png
  artifactKey: Guid(3340854466cc9fe4aa6819ea31c2c31a) Importer(815301076,1909f56bfc062723c751e8b465ee728b)
Start importing Assets/Art/Manager/Performance/manager_bar_half.png using Guid(3340854466cc9fe4aa6819ea31c2c31a) Importer(815301076,1909f56bfc062723c751e8b465ee728b)  -> (artifact id: '7327f68e55339833306687fc04532236') in 0.013481 seconds
  Import took 0.028257 seconds .

========================================================================
Received Import Request.
  Time since last request: 0.000267 seconds.
  path: Assets/Art/Installer/Performance/installer_progress.png
  artifactKey: Guid(a2460ec8e97a33340ba0ce44e3d55e19) Importer(815301076,1909f56bfc062723c751e8b465ee728b)
Start importing Assets/Art/Installer/Performance/installer_progress.png using Guid(a2460ec8e97a33340ba0ce44e3d55e19) Importer(815301076,1909f56bfc062723c751e8b465ee728b)  -> (artifact id: 'a96e74951c1871cfd8547e6e79d72e79') in 0.023107 seconds
  Import took 0.026155 seconds .

========================================================================
Received Import Request.
  Time since last request: 0.000235 seconds.
  path: Assets/Art/Installer/Performance/installer_bar_full.png
  artifactKey: Guid(502c6727aa0b2f64b9941169e335df29) Importer(815301076,1909f56bfc062723c751e8b465ee728b)
Start importing Assets/Art/Installer/Performance/installer_bar_full.png using Guid(502c6727aa0b2f64b9941169e335df29) Importer(815301076,1909f56bfc062723c751e8b465ee728b)  -> (artifact id: 'abcb9a444e2f2f9af4216c7fa62852ea') in 0.011835 seconds
  Import took 0.015132 seconds .

========================================================================
Received Import Request.
  Time since last request: 0.000255 seconds.
  path: Assets/Art/Installer/Performance/installer_bar_half.png
  artifactKey: Guid(3c08a3a9ed90429499950b90352b5f6c) Importer(815301076,1909f56bfc062723c751e8b465ee728b)
Start importing Assets/Art/Installer/Performance/installer_bar_half.png using Guid(3c08a3a9ed90429499950b90352b5f6c) Importer(815301076,1909f56bfc062723c751e8b465ee728b)  -> (artifact id: 'b66ad5507cce2a2d4877fbb453e429e9') in 0.011420 seconds
  Import took 0.014683 seconds .

========================================================================
Received Import Request.
  Time since last request: 0.001030 seconds.
  path: Assets/Art/Installer/Performance/installer_bar_half.png
  artifactKey: Guid(3c08a3a9ed90429499950b90352b5f6c) Importer(815301076,1909f56bfc062723c751e8b465ee728b)
Start importing Assets/Art/Installer/Performance/installer_bar_half.png using Guid(3c08a3a9ed90429499950b90352b5f6c) Importer(815301076,1909f56bfc062723c751e8b465ee728b)  -> (artifact id: 'b66ad5507cce2a2d4877fbb453e429e9') in 0.008887 seconds
  Import took 0.012292 seconds .

========================================================================
Received Import Request.
  Time since last request: 0.124596 seconds.
  path: Assets/Art/Installer/installer_background.png
  artifactKey: Guid(0f87fba85942607418547025934772db) Importer(815301076,1909f56bfc062723c751e8b465ee728b)
Start importing Assets/Art/Installer/installer_background.png using Guid(0f87fba85942607418547025934772db) Importer(815301076,1909f56bfc062723c751e8b465ee728b)  -> (artifact id: '05b7e0223248192d15e58f9e2cfc7e9b') in 0.031139 seconds
  Import took 0.034321 seconds .

========================================================================
Received Import Request.
  Time since last request: 0.000257 seconds.
  path: Assets/Art/Installer/Performance/installer_bar_empty.png
  artifactKey: Guid(e6fdf1b4cc7c3f24a87823714f810037) Importer(815301076,1909f56bfc062723c751e8b465ee728b)
Start importing Assets/Art/Installer/Performance/installer_bar_empty.png using Guid(e6fdf1b4cc7c3f24a87823714f810037) Importer(815301076,1909f56bfc062723c751e8b465ee728b)  -> (artifact id: '515814590a42bf6c2d2f11c0680bcbd1') in 0.010589 seconds
  Import took 0.013909 seconds .

========================================================================
Received Import Request.
  Time since last request: 0.020856 seconds.
  path: Assets/Art/Adverts/Hot_Singles.png
  artifactKey: Guid(5b8a148a7e2355b4cb2a8756a3790344) Importer(815301076,1909f56bfc062723c751e8b465ee728b)
Start importing Assets/Art/Adverts/Hot_Singles.png using Guid(5b8a148a7e2355b4cb2a8756a3790344) Importer(815301076,1909f56bfc062723c751e8b465ee728b)  -> (artifact id: '8bb27da84db81ffd8f0cb28a7d3efe78') in 0.034456 seconds
  Import took 0.049958 seconds .

========================================================================
Received Import Request.
  Time since last request: 0.000226 seconds.
  path: Assets/Art/Adverts/Crypto.png
  artifactKey: Guid(52da3953f4778c247986d2544961567c) Importer(815301076,1909f56bfc062723c751e8b465ee728b)
Start importing Assets/Art/Adverts/Crypto.png using Guid(52da3953f4778c247986d2544961567c) Importer(815301076,1909f56bfc062723c751e8b465ee728b)  -> (artifact id: 'b515348f4b041ceedfd34a5b68c5bbe4') in 0.017605 seconds
  Import took 0.020782 seconds .

========================================================================
Received Import Request.
  Time since last request: 0.000220 seconds.
  path: Assets/Art/Adverts/Congratulations.png
  artifactKey: Guid(4ee748c277c62ce4eb110af713d7cf66) Importer(815301076,1909f56bfc062723c751e8b465ee728b)
Start importing Assets/Art/Adverts/Congratulations.png using Guid(4ee748c277c62ce4eb110af713d7cf66) Importer(815301076,1909f56bfc062723c751e8b465ee728b)  -> (artifact id: 'a0d8f2ebc36491799a868fd170da29aa') in 0.039960 seconds
  Import took 0.043141 seconds .

========================================================================
Received Import Request.
  Time since last request: 0.000194 seconds.
  path: Assets/Art/Utility/Button/close_button_hover.png
  artifactKey: Guid(b534f649031890c479db52e105904c65) Importer(815301076,1909f56bfc062723c751e8b465ee728b)
Start importing Assets/Art/Utility/Button/close_button_hover.png using Guid(b534f649031890c479db52e105904c65) Importer(815301076,1909f56bfc062723c751e8b465ee728b)  -> (artifact id: 'a74e6872ba33ed1b2758ccb23c0e0b04') in 0.012755 seconds
  Import took 0.015888 seconds .

========================================================================
Received Import Request.
  Time since last request: 0.000247 seconds.
  path: Assets/Art/Adverts/Hot_Singles_Updated.png
  artifactKey: Guid(56349f58885fb9f4f897dc98b7ae7686) Importer(815301076,1909f56bfc062723c751e8b465ee728b)
Start importing Assets/Art/Adverts/Hot_Singles_Updated.png using Guid(56349f58885fb9f4f897dc98b7ae7686) Importer(815301076,1909f56bfc062723c751e8b465ee728b)  -> (artifact id: '5108184dda504c1b422570b7b3e935b5') in 0.014764 seconds
  Import took 0.017906 seconds .

========================================================================
Received Import Request.
  Time since last request: 0.000212 seconds.
  path: Assets/Art/Adverts/Close_Window.png
  artifactKey: Guid(0f2d8fe2802ab6049b5b021d4e3805ad) Importer(815301076,1909f56bfc062723c751e8b465ee728b)
Start importing Assets/Art/Adverts/Close_Window.png using Guid(0f2d8fe2802ab6049b5b021d4e3805ad) Importer(815301076,1909f56bfc062723c751e8b465ee728b)  -> (artifact id: '4047a5ca81a09af00ebb013c43872488') in 0.016084 seconds
  Import took 0.019336 seconds .

========================================================================
Received Import Request.
  Time since last request: 0.000229 seconds.
  path: Assets/Art/Utility/Button/close_button.png
  artifactKey: Guid(12c8cc92488f51d40a9e5fd3413acea8) Importer(815301076,1909f56bfc062723c751e8b465ee728b)
Start importing Assets/Art/Utility/Button/close_button.png using Guid(12c8cc92488f51d40a9e5fd3413acea8) Importer(815301076,1909f56bfc062723c751e8b465ee728b)  -> (artifact id: 'f506543fb8fb2e07b1eace752d2a5dfd') in 0.106773 seconds
  Import took 0.109908 seconds .

========================================================================
Received Import Request.
  Time since last request: 0.000263 seconds.
  path: Assets/Art/Adverts/ClashofDragons_Updated.png
  artifactKey: Guid(4b684d61921b70848907e957c3d40a2f) Importer(815301076,1909f56bfc062723c751e8b465ee728b)
Start importing Assets/Art/Adverts/ClashofDragons_Updated.png using Guid(4b684d61921b70848907e957c3d40a2f) Importer(815301076,1909f56bfc062723c751e8b465ee728b)  -> (artifact id: '67e386216fe86be7be675dbccaaf701f') in 0.057323 seconds
  Import took 0.060469 seconds .

========================================================================
Received Import Request.
  Time since last request: 0.000264 seconds.
  path: Assets/Art/Utility/Button/alt_close_button_2.png
  artifactKey: Guid(c1461018ff25b53429ce1a36653f7115) Importer(815301076,1909f56bfc062723c751e8b465ee728b)
Start importing Assets/Art/Utility/Button/alt_close_button_2.png using Guid(c1461018ff25b53429ce1a36653f7115) Importer(815301076,1909f56bfc062723c751e8b465ee728b)  -> (artifact id: '27fdfd1064035462c57162d7dbb19272') in 0.063936 seconds
  Import took 0.066959 seconds .

========================================================================
Received Import Request.
  Time since last request: 0.000236 seconds.
  path: Assets/Art/Chrome/CarChrome.png
  artifactKey: Guid(5dc266209d6b86a46a9a62c59666d722) Importer(815301076,1909f56bfc062723c751e8b465ee728b)
Start importing Assets/Art/Chrome/CarChrome.png using Guid(5dc266209d6b86a46a9a62c59666d722) Importer(815301076,1909f56bfc062723c751e8b465ee728b)  -> (artifact id: '6617890d22814aa87053b85e42cbee53') in 0.051079 seconds
  Import took 0.054126 seconds .

========================================================================
Received Import Request.
  Time since last request: 0.000236 seconds.
  path: Assets/Art/Adverts/CarAd_Updated.png
  artifactKey: Guid(d2f314d465ddeb946b73ea08fe99531c) Importer(815301076,1909f56bfc062723c751e8b465ee728b)
Start importing Assets/Art/Adverts/CarAd_Updated.png using Guid(d2f314d465ddeb946b73ea08fe99531c) Importer(815301076,1909f56bfc062723c751e8b465ee728b)  -> (artifact id: '306297dcea47f7326da1337149368ace') in 0.053859 seconds
  Import took 0.076674 seconds .

========================================================================
Received Import Request.
  Time since last request: 0.000218 seconds.
  path: Assets/Art/Adverts/adobis.png
  artifactKey: Guid(98aa29eb257dd1e418f4c3c36b60cfc6) Importer(815301076,1909f56bfc062723c751e8b465ee728b)
Start importing Assets/Art/Adverts/adobis.png using Guid(98aa29eb257dd1e418f4c3c36b60cfc6) Importer(815301076,1909f56bfc062723c751e8b465ee728b)  -> (artifact id: '4867925c10dba93d5c9f1c86256ca431') in 0.025930 seconds
  Import took 0.028916 seconds .

========================================================================
Received Import Request.
  Time since last request: 0.000234 seconds.
  path: Assets/Art/Chrome/chrome.png
  artifactKey: Guid(8be3a1985a4f96340beb9ccc50b395a3) Importer(815301076,1909f56bfc062723c751e8b465ee728b)
Start importing Assets/Art/Chrome/chrome.png using Guid(8be3a1985a4f96340beb9ccc50b395a3) Importer(815301076,1909f56bfc062723c751e8b465ee728b)  -> (artifact id: 'ee0c322ee43c5973f7f1cd59587f9f21') in 0.030085 seconds
  Import took 0.033097 seconds .

========================================================================
Received Import Request.
  Time since last request: 0.000246 seconds.
  path: Assets/Art/Adverts/adobis.png
  artifactKey: Guid(98aa29eb257dd1e418f4c3c36b60cfc6) Importer(815301076,1909f56bfc062723c751e8b465ee728b)
Start importing Assets/Art/Adverts/adobis.png using Guid(98aa29eb257dd1e418f4c3c36b60cfc6) Importer(815301076,1909f56bfc062723c751e8b465ee728b)  -> (artifact id: '4867925c10dba93d5c9f1c86256ca431') in 0.015139 seconds
  Import took 0.018209 seconds .

========================================================================
Received Import Request.
  Time since last request: 0.000215 seconds.
  path: Assets/Art/Utility/Button/alt_close_button_hover_2.png
  artifactKey: Guid(aa72dd24f49f2004d9bde48333617b92) Importer(815301076,1909f56bfc062723c751e8b465ee728b)
Start importing Assets/Art/Utility/Button/alt_close_button_hover_2.png using Guid(aa72dd24f49f2004d9bde48333617b92) Importer(815301076,1909f56bfc062723c751e8b465ee728b)  -> (artifact id: 'e896a9168b12f53d3819a41e4bdf05f2') in 0.051299 seconds
  Import took 0.054568 seconds .

========================================================================
Received Import Request.
  Time since last request: 0.842619 seconds.
  path: Assets/Art/Adverts/50% off.png
  artifactKey: Guid(1eec62d08c65bf048a20385f1d14899b) Importer(815301076,1909f56bfc062723c751e8b465ee728b)
Start importing Assets/Art/Adverts/50% off.png using Guid(1eec62d08c65bf048a20385f1d14899b) Importer(815301076,1909f56bfc062723c751e8b465ee728b)  -> (artifact id: 'b094b8320cbd5b58925991dd0261ee1f') in 0.015122 seconds
  Import took 0.035778 seconds .

========================================================================
Received Prepare
Registering precompiled user dll's ...
Registered in 0.002330 seconds.
Begin MonoManager ReloadAssembly
Native extension for WindowsStandalone target not found
Native extension for WebGL target not found
Refreshing native plugins compatible for Editor in 0.51 ms, found 1 plugins.
Preloading 0 native plugins for Editor in 0.00 ms.
Mono: successfully reloaded assembly
- Completed reload, in  0.814 seconds
Platform modules already initialized, skipping
Refreshing native plugins compatible for Editor in 0.51 ms, found 1 plugins.
Preloading 0 native plugins for Editor in 0.00 ms.
Unloading 2043 Unused Serialized files (Serialized files now loaded: 0)
System memory in use before: 93.8 MB.
System memory in use after: 94.0 MB.

Unloading 27 unused Assets to reduce memory usage. Loaded Objects now: 2544.
Total: 2.944500 ms (FindLiveObjects: 0.643100 ms CreateObjectMapping: 0.214500 ms MarkObjects: 2.059400 ms  DeleteObjects: 0.025700 ms)

========================================================================
Received Prepare
Registering precompiled user dll's ...
Registered in 0.002281 seconds.
Begin MonoManager ReloadAssembly
Native extension for WindowsStandalone target not found
Native extension for WebGL target not found
Refreshing native plugins compatible for Editor in 0.55 ms, found 1 plugins.
Preloading 0 native plugins for Editor in 0.00 ms.
Mono: successfully reloaded assembly
- Completed reload, in  0.800 seconds
Platform modules already initialized, skipping
Refreshing native plugins compatible for Editor in 0.50 ms, found 1 plugins.
Preloading 0 native plugins for Editor in 0.00 ms.
Unloading 2043 Unused Serialized files (Serialized files now loaded: 0)
System memory in use before: 93.9 MB.
System memory in use after: 94.0 MB.

Unloading 27 unused Assets to reduce memory usage. Loaded Objects now: 2548.
Total: 1.806200 ms (FindLiveObjects: 0.190600 ms CreateObjectMapping: 0.085900 ms MarkObjects: 1.512200 ms  DeleteObjects: 0.016600 ms)

========================================================================
Received Prepare
Registering precompiled user dll's ...
Registered in 0.002277 seconds.
Begin MonoManager ReloadAssembly
Native extension for WindowsStandalone target not found
Native extension for WebGL target not found
Refreshing native plugins compatible for Editor in 0.51 ms, found 1 plugins.
Preloading 0 native plugins for Editor in 0.00 ms.
Mono: successfully reloaded assembly
- Completed reload, in  0.837 seconds
Platform modules already initialized, skipping
Refreshing native plugins compatible for Editor in 0.60 ms, found 1 plugins.
Preloading 0 native plugins for Editor in 0.00 ms.
Unloading 2043 Unused Serialized files (Serialized files now loaded: 0)
System memory in use before: 93.9 MB.
System memory in use after: 94.0 MB.

Unloading 27 unused Assets to reduce memory usage. Loaded Objects now: 2552.
Total: 2.078700 ms (FindLiveObjects: 0.219900 ms CreateObjectMapping: 0.091800 ms MarkObjects: 1.747700 ms  DeleteObjects: 0.018200 ms)

========================================================================
Received Prepare
Registering precompiled user dll's ...
Registered in 0.002257 seconds.
Begin MonoManager ReloadAssembly
Native extension for WindowsStandalone target not found
Native extension for WebGL target not found
Refreshing native plugins compatible for Editor in 0.51 ms, found 1 plugins.
Preloading 0 native plugins for Editor in 0.00 ms.
Mono: successfully reloaded assembly
- Completed reload, in  0.869 seconds
Platform modules already initialized, skipping
Refreshing native plugins compatible for Editor in 0.51 ms, found 1 plugins.
Preloading 0 native plugins for Editor in 0.00 ms.
Unloading 2043 Unused Serialized files (Serialized files now loaded: 0)
System memory in use before: 93.9 MB.
System memory in use after: 94.0 MB.

Unloading 27 unused Assets to reduce memory usage. Loaded Objects now: 2556.
Total: 1.981100 ms (FindLiveObjects: 0.255500 ms CreateObjectMapping: 0.095700 ms MarkObjects: 1.610800 ms  DeleteObjects: 0.018200 ms)

========================================================================
Received Prepare
Registering precompiled user dll's ...
Registered in 0.002361 seconds.
Begin MonoManager ReloadAssembly
Native extension for WindowsStandalone target not found
Native extension for WebGL target not found
Refreshing native plugins compatible for Editor in 0.52 ms, found 1 plugins.
Preloading 0 native plugins for Editor in 0.00 ms.
Mono: successfully reloaded assembly
- Completed reload, in  0.787 seconds
Platform modules already initialized, skipping
Refreshing native plugins compatible for Editor in 0.48 ms, found 1 plugins.
Preloading 0 native plugins for Editor in 0.00 ms.
Unloading 2043 Unused Serialized files (Serialized files now loaded: 0)
System memory in use before: 93.9 MB.
System memory in use after: 94.0 MB.

Unloading 27 unused Assets to reduce memory usage. Loaded Objects now: 2560.
Total: 1.900500 ms (FindLiveObjects: 0.224200 ms CreateObjectMapping: 0.089800 ms MarkObjects: 1.567200 ms  DeleteObjects: 0.018500 ms)

========================================================================
Received Prepare
Registering precompiled user dll's ...
Registered in 0.002286 seconds.
Begin MonoManager ReloadAssembly
Native extension for WindowsStandalone target not found
Native extension for WebGL target not found
Refreshing native plugins compatible for Editor in 0.51 ms, found 1 plugins.
Preloading 0 native plugins for Editor in 0.00 ms.
Mono: successfully reloaded assembly
- Completed reload, in  0.795 seconds
Platform modules already initialized, skipping
Refreshing native plugins compatible for Editor in 0.51 ms, found 1 plugins.
Preloading 0 native plugins for Editor in 0.00 ms.
Unloading 2043 Unused Serialized files (Serialized files now loaded: 0)
System memory in use before: 93.9 MB.
System memory in use after: 94.0 MB.

Unloading 27 unused Assets to reduce memory usage. Loaded Objects now: 2564.
Total: 1.971800 ms (FindLiveObjects: 0.234000 ms CreateObjectMapping: 0.088100 ms MarkObjects: 1.631300 ms  DeleteObjects: 0.017700 ms)

========================================================================
Received Prepare
Registering precompiled user dll's ...
Registered in 0.002303 seconds.
Begin MonoManager ReloadAssembly
Native extension for WindowsStandalone target not found
Native extension for WebGL target not found
Refreshing native plugins compatible for Editor in 0.54 ms, found 1 plugins.
Preloading 0 native plugins for Editor in 0.00 ms.
Mono: successfully reloaded assembly
- Completed reload, in  0.802 seconds
Platform modules already initialized, skipping
Refreshing native plugins compatible for Editor in 0.59 ms, found 1 plugins.
Preloading 0 native plugins for Editor in 0.00 ms.
Unloading 2043 Unused Serialized files (Serialized files now loaded: 0)
System memory in use before: 93.9 MB.
System memory in use after: 94.0 MB.

Unloading 27 unused Assets to reduce memory usage. Loaded Objects now: 2568.
Total: 1.999100 ms (FindLiveObjects: 0.272700 ms CreateObjectMapping: 0.107500 ms MarkObjects: 1.599500 ms  DeleteObjects: 0.018500 ms)

========================================================================
Received Prepare
Registering precompiled user dll's ...
Registered in 0.002441 seconds.
Begin MonoManager ReloadAssembly
Native extension for WindowsStandalone target not found
Native extension for WebGL target not found
Refreshing native plugins compatible for Editor in 0.53 ms, found 1 plugins.
Preloading 0 native plugins for Editor in 0.00 ms.
Mono: successfully reloaded assembly
- Completed reload, in  0.811 seconds
Platform modules already initialized, skipping
Refreshing native plugins compatible for Editor in 0.53 ms, found 1 plugins.
Preloading 0 native plugins for Editor in 0.00 ms.
Unloading 2043 Unused Serialized files (Serialized files now loaded: 0)
System memory in use before: 93.9 MB.
System memory in use after: 94.0 MB.

Unloading 27 unused Assets to reduce memory usage. Loaded Objects now: 2572.
Total: 1.910900 ms (FindLiveObjects: 0.218000 ms CreateObjectMapping: 0.087600 ms MarkObjects: 1.585300 ms  DeleteObjects: 0.019100 ms)

========================================================================
Received Prepare
Registering precompiled user dll's ...
Registered in 0.002250 seconds.
Begin MonoManager ReloadAssembly
Native extension for WindowsStandalone target not found
Native extension for WebGL target not found
Refreshing native plugins compatible for Editor in 0.54 ms, found 1 plugins.
Preloading 0 native plugins for Editor in 0.00 ms.
Mono: successfully reloaded assembly
- Completed reload, in  0.793 seconds
Platform modules already initialized, skipping
Refreshing native plugins compatible for Editor in 0.51 ms, found 1 plugins.
Preloading 0 native plugins for Editor in 0.00 ms.
Unloading 2043 Unused Serialized files (Serialized files now loaded: 0)
System memory in use before: 93.9 MB.
System memory in use after: 94.0 MB.

Unloading 27 unused Assets to reduce memory usage. Loaded Objects now: 2576.
Total: 1.946600 ms (FindLiveObjects: 0.222400 ms CreateObjectMapping: 0.087800 ms MarkObjects: 1.612800 ms  DeleteObjects: 0.022500 ms)

========================================================================
Received Prepare
Registering precompiled user dll's ...
Registered in 0.002254 seconds.
Begin MonoManager ReloadAssembly
Native extension for WindowsStandalone target not found
Native extension for WebGL target not found
Refreshing native plugins compatible for Editor in 0.51 ms, found 1 plugins.
Preloading 0 native plugins for Editor in 0.00 ms.
Mono: successfully reloaded assembly
- Completed reload, in  0.792 seconds
Platform modules already initialized, skipping
Refreshing native plugins compatible for Editor in 0.53 ms, found 1 plugins.
Preloading 0 native plugins for Editor in 0.00 ms.
Unloading 2043 Unused Serialized files (Serialized files now loaded: 0)
System memory in use before: 93.9 MB.
System memory in use after: 94.1 MB.

Unloading 27 unused Assets to reduce memory usage. Loaded Objects now: 2580.
Total: 2.080100 ms (FindLiveObjects: 0.221000 ms CreateObjectMapping: 0.081100 ms MarkObjects: 1.673300 ms  DeleteObjects: 0.103700 ms)

========================================================================
Received Prepare
Registering precompiled user dll's ...
Registered in 0.002309 seconds.
Begin MonoManager ReloadAssembly
Native extension for WindowsStandalone target not found
Native extension for WebGL target not found
Refreshing native plugins compatible for Editor in 0.51 ms, found 1 plugins.
Preloading 0 native plugins for Editor in 0.00 ms.
Mono: successfully reloaded assembly
- Completed reload, in  0.787 seconds
Platform modules already initialized, skipping
Refreshing native plugins compatible for Editor in 0.50 ms, found 1 plugins.
Preloading 0 native plugins for Editor in 0.00 ms.
Unloading 2043 Unused Serialized files (Serialized files now loaded: 0)
System memory in use before: 93.9 MB.
System memory in use after: 94.1 MB.

Unloading 27 unused Assets to reduce memory usage. Loaded Objects now: 2584.
Total: 1.975300 ms (FindLiveObjects: 0.196000 ms CreateObjectMapping: 0.083000 ms MarkObjects: 1.671000 ms  DeleteObjects: 0.024100 ms)

========================================================================
Received Prepare
Registering precompiled user dll's ...
Registered in 0.002247 seconds.
Begin MonoManager ReloadAssembly
Native extension for WindowsStandalone target not found
Native extension for WebGL target not found
Refreshing native plugins compatible for Editor in 0.51 ms, found 1 plugins.
Preloading 0 native plugins for Editor in 0.00 ms.
Mono: successfully reloaded assembly
- Completed reload, in  0.782 seconds
Platform modules already initialized, skipping
Refreshing native plugins compatible for Editor in 0.55 ms, found 1 plugins.
Preloading 0 native plugins for Editor in 0.00 ms.
Unloading 2043 Unused Serialized files (Serialized files now loaded: 0)
System memory in use before: 94.0 MB.
System memory in use after: 94.1 MB.

Unloading 27 unused Assets to reduce memory usage. Loaded Objects now: 2588.
Total: 2.098800 ms (FindLiveObjects: 0.208800 ms CreateObjectMapping: 0.088100 ms MarkObjects: 1.781100 ms  DeleteObjects: 0.019600 ms)

AssetImportWorkerClient::OnTransportError - code=2 error=End of file
